[ +201 ms] Artifact Instance of 'MaterialFonts' is not required, skipping update.
[        ] Artifact Instance of 'GradleWrapper' is not required, skipping update.
[        ] Artifact Instance of 'AndroidGenSnapshotArtifacts' is not required, skipping update.
[        ] Artifact Instance of 'AndroidInternalBuildArtifacts' is not required, skipping update.
[        ] Artifact Instance of 'IOSEngineArtifacts' is not required, skipping update.
[        ] Artifact Instance of 'FlutterWebSdk' is not required, skipping update.
[        ] Artifact Instance of 'LegacyCanvasKitRemover' is not required, skipping update.
[        ] Artifact Instance of 'FlutterSdk' is not required, skipping update.
[        ] Artifact Instance of 'WindowsEngineArtifacts' is not required, skipping update.
[        ] Artifact Instance of 'MacOSEngineArtifacts' is not required, skipping update.
[        ] Artifact Instance of 'LinuxEngineArtifacts' is not required, skipping update.
[        ] Artifact Instance of 'LinuxFuchsiaSDKArtifacts' is not required, skipping update.
[        ] Artifact Instance of 'MacOSFuchsiaSDKArtifacts' is not required, skipping update.
[        ] Artifact Instance of 'FlutterRunnerSDKArtifacts' is not required, skipping update.
[        ] Artifact Instance of 'FlutterRunnerDebugSymbols' is not required, skipping update.
[        ] Artifact Instance of 'IosUsbArtifacts' is not required, skipping update.
[        ] Artifact Instance of 'IosUsbArtifacts' is not required, skipping update.
[        ] Artifact Instance of 'IosUsbArtifacts' is not required, skipping update.
[        ] Artifact Instance of 'IosUsbArtifacts' is not required, skipping update.
[        ] Artifact Instance of 'IosUsbArtifacts' is not required, skipping update.
[        ] Artifact Instance of 'IosUsbArtifacts' is not required, skipping update.
[        ] Artifact Instance of 'FontSubsetArtifacts' is not required, skipping update.
[        ] Artifact Instance of 'PubDependencies' is not required, skipping update.
[        ] executing: [C:\flutter/] git -c log.showSignature=false log HEAD -n 1 --pretty=format:%ad --date=iso
[  +44 ms] Exit code 0 from: git -c log.showSignature=false log HEAD -n 1 --pretty=format:%ad --date=iso
[        ] 2025-11-20 17:53:13 -0500
[   +9 ms] Artifact Instance of 'AndroidGenSnapshotArtifacts' is not required, skipping update.
[        ] Artifact Instance of 'AndroidInternalBuildArtifacts' is not required, skipping update.
[        ] Artifact Instance of 'IOSEngineArtifacts' is not required, skipping update.
[        ] Artifact Instance of 'FlutterWebSdk' is not required, skipping update.
[        ] Artifact Instance of 'FlutterEngineStamp' is not required, skipping update.
[        ] Artifact Instance of 'LegacyCanvasKitRemover' is not required, skipping update.
[   +1 ms] Artifact Instance of 'WindowsEngineArtifacts' is not required, skipping update.
[        ] Artifact Instance of 'MacOSEngineArtifacts' is not required, skipping update.
[        ] Artifact Instance of 'LinuxEngineArtifacts' is not required, skipping update.
[        ] Artifact Instance of 'LinuxFuchsiaSDKArtifacts' is not required, skipping update.
[        ] Artifact Instance of 'MacOSFuchsiaSDKArtifacts' is not required, skipping update.
[        ] Artifact Instance of 'FlutterRunnerSDKArtifacts' is not required, skipping update.
[        ] Artifact Instance of 'FlutterRunnerDebugSymbols' is not required, skipping update.
[  +26 ms] Artifact Instance of 'MaterialFonts' is not required, skipping update.
[        ] Artifact Instance of 'GradleWrapper' is not required, skipping update.
[   +1 ms] Artifact Instance of 'AndroidInternalBuildArtifacts' is not required, skipping update.
[        ] Artifact Instance of 'IOSEngineArtifacts' is not required, skipping update.
[        ] Artifact Instance of 'FlutterWebSdk' is not required, skipping update.
[        ] Artifact Instance of 'FlutterEngineStamp' is not required, skipping update.
[        ] Artifact Instance of 'LegacyCanvasKitRemover' is not required, skipping update.
[        ] Artifact Instance of 'FlutterSdk' is not required, skipping update.
[        ] Artifact Instance of 'WindowsEngineArtifacts' is not required, skipping update.
[        ] Artifact Instance of 'MacOSEngineArtifacts' is not required, skipping update.
[        ] Artifact Instance of 'LinuxEngineArtifacts' is not required, skipping update.
[        ] Artifact Instance of 'LinuxFuchsiaSDKArtifacts' is not required, skipping update.
[        ] Artifact Instance of 'MacOSFuchsiaSDKArtifacts' is not required, skipping update.
[        ] Artifact Instance of 'FlutterRunnerSDKArtifacts' is not required, skipping update.
[        ] Artifact Instance of 'FlutterRunnerDebugSymbols' is not required, skipping update.
[        ] Artifact Instance of 'IosUsbArtifacts' is not required, skipping update.
[        ] Artifact Instance of 'IosUsbArtifacts' is not required, skipping update.
[        ] Artifact Instance of 'IosUsbArtifacts' is not required, skipping update.
[        ] Artifact Instance of 'IosUsbArtifacts' is not required, skipping update.
[        ] Artifact Instance of 'IosUsbArtifacts' is not required, skipping update.
[        ] Artifact Instance of 'IosUsbArtifacts' is not required, skipping update.
[        ] Artifact Instance of 'FontSubsetArtifacts' is not required, skipping update.
[        ] Artifact Instance of 'PubDependencies' is not required, skipping update.
[  +56 ms] Skipping pub get: version match.
[  +64 ms] Found plugin sqflite at C:\Users\ASUS\AppData\Local\Pub\Cache\hosted\pub.dev\sqflite-2.4.2\
[  +10 ms] Found plugin sqflite_darwin at C:\Users\ASUS\AppData\Local\Pub\Cache\hosted\pub.dev\sqflite_darwin-2.4.2\
[   +2 ms] Found plugin sqflite_android at C:\Users\ASUS\AppData\Local\Pub\Cache\hosted\pub.dev\sqflite_android-2.4.2+2\
[   +2 ms] Found plugin speech_to_text at C:\Users\ASUS\AppData\Local\Pub\Cache\hosted\pub.dev\speech_to_text-7.3.0\
[   +3 ms] Found plugin speech_to_text_windows at C:\Users\ASUS\AppData\Local\Pub\Cache\hosted\pub.dev\speech_to_text_windows-1.0.0+beta.8\
[  +14 ms] Found plugin shared_preferences at C:\Users\ASUS\AppData\Local\Pub\Cache\hosted\pub.dev\shared_preferences-2.5.3\
[   +3 ms] Found plugin shared_preferences_windows at C:\Users\ASUS\AppData\Local\Pub\Cache\hosted\pub.dev\shared_preferences_windows-2.4.1\
[   +3 ms] Found plugin path_provider_windows at C:\Users\ASUS\AppData\Local\Pub\Cache\hosted\pub.dev\path_provider_windows-2.3.0\
[   +6 ms] Found plugin shared_preferences_web at C:\Users\ASUS\AppData\Local\Pub\Cache\hosted\pub.dev\shared_preferences_web-2.4.3\
[   +1 ms] Found plugin shared_preferences_linux at C:\Users\ASUS\AppData\Local\Pub\Cache\hosted\pub.dev\shared_preferences_linux-2.4.1\
[   +1 ms] Found plugin path_provider_linux at C:\Users\ASUS\AppData\Local\Pub\Cache\hosted\pub.dev\path_provider_linux-2.2.1\
[   +1 ms] Found plugin shared_preferences_foundation at C:\Users\ASUS\AppData\Local\Pub\Cache\hosted\pub.dev\shared_preferences_foundation-2.5.6\
[   +1 ms] Found plugin shared_preferences_android at C:\Users\ASUS\AppData\Local\Pub\Cache\hosted\pub.dev\shared_preferences_android-2.4.18\
[   +4 ms] Found plugin permission_handler at C:\Users\ASUS\AppData\Local\Pub\Cache\hosted\pub.dev\permission_handler-12.0.1\
[   +1 ms] Found plugin permission_handler_windows at C:\Users\ASUS\AppData\Local\Pub\Cache\hosted\pub.dev\permission_handler_windows-0.2.1\
[   +2 ms] Found plugin permission_handler_html at C:\Users\ASUS\AppData\Local\Pub\Cache\hosted\pub.dev\permission_handler_html-0.1.3+5\
[   +1 ms] Found plugin permission_handler_apple at C:\Users\ASUS\AppData\Local\Pub\Cache\hosted\pub.dev\permission_handler_apple-9.4.7\
[   +1 ms] Found plugin permission_handler_android at C:\Users\ASUS\AppData\Local\Pub\Cache\hosted\pub.dev\permission_handler_android-13.0.1\
[   +1 ms] Found plugin path_provider at C:\Users\ASUS\AppData\Local\Pub\Cache\hosted\pub.dev\path_provider-2.1.5\
[   +2 ms] Found plugin path_provider_foundation at C:\Users\ASUS\AppData\Local\Pub\Cache\hosted\pub.dev\path_provider_foundation-2.5.1\
[   +1 ms] Found plugin path_provider_android at C:\Users\ASUS\AppData\Local\Pub\Cache\hosted\pub.dev\path_provider_android-2.2.22\
[   +3 ms] Found plugin image_picker at C:\Users\ASUS\AppData\Local\Pub\Cache\hosted\pub.dev\image_picker-1.2.1\
[   +1 ms] Found plugin image_picker_windows at C:\Users\ASUS\AppData\Local\Pub\Cache\hosted\pub.dev\image_picker_windows-0.2.2\
[   +4 ms] Found plugin file_selector_windows at C:\Users\ASUS\AppData\Local\Pub\Cache\hosted\pub.dev\file_selector_windows-0.9.3+5\
[   +1 ms] Found plugin image_picker_macos at C:\Users\ASUS\AppData\Local\Pub\Cache\hosted\pub.dev\image_picker_macos-0.2.2+1\
[        ] Found plugin file_selector_macos at C:\Users\ASUS\AppData\Local\Pub\Cache\hosted\pub.dev\file_selector_macos-0.9.5\
[   +1 ms] Found plugin image_picker_linux at C:\Users\ASUS\AppData\Local\Pub\Cache\hosted\pub.dev\image_picker_linux-0.2.2\
[   +1 ms] Found plugin file_selector_linux at C:\Users\ASUS\AppData\Local\Pub\Cache\hosted\pub.dev\file_selector_linux-0.9.4\
[   +1 ms] Found plugin image_picker_ios at C:\Users\ASUS\AppData\Local\Pub\Cache\hosted\pub.dev\image_picker_ios-0.8.13+3\
[   +1 ms] Found plugin image_picker_for_web at C:\Users\ASUS\AppData\Local\Pub\Cache\hosted\pub.dev\image_picker_for_web-3.1.1\
[   +1 ms] Found plugin image_picker_android at C:\Users\ASUS\AppData\Local\Pub\Cache\hosted\pub.dev\image_picker_android-0.8.13+10\
[   +1 ms] Found plugin flutter_plugin_android_lifecycle at C:\Users\ASUS\AppData\Local\Pub\Cache\hosted\pub.dev\flutter_plugin_android_lifecycle-2.0.33\
[   +8 ms] Found plugin flutter_local_notifications at C:\Users\ASUS\AppData\Local\Pub\Cache\hosted\pub.dev\flutter_local_notifications-19.5.0\
[   +1 ms] Found plugin flutter_local_notifications_windows at C:\Users\ASUS\AppData\Local\Pub\Cache\hosted\pub.dev\flutter_local_notifications_windows-1.0.3\
[   +1 ms] Found plugin flutter_local_notifications_linux at C:\Users\ASUS\AppData\Local\Pub\Cache\hosted\pub.dev\flutter_local_notifications_linux-6.0.0\
[   +1 ms] Found plugin flutter_background_service at C:\Users\ASUS\AppData\Local\Pub\Cache\hosted\pub.dev\flutter_background_service-5.1.0\
[   +1 ms] Found plugin flutter_background_service_ios at C:\Users\ASUS\AppData\Local\Pub\Cache\hosted\pub.dev\flutter_background_service_ios-5.0.3\
[        ] Found plugin flutter_background_service_android at C:\Users\ASUS\AppData\Local\Pub\Cache\hosted\pub.dev\flutter_background_service_android-6.3.1\
[   +2 ms] Found plugin firebase_database at C:\Users\ASUS\AppData\Local\Pub\Cache\hosted\pub.dev\firebase_database-12.1.0\
[        ] Found plugin firebase_database_web at C:\Users\ASUS\AppData\Local\Pub\Cache\hosted\pub.dev\firebase_database_web-0.2.7+1\
[   +1 ms] Found plugin firebase_core at C:\Users\ASUS\AppData\Local\Pub\Cache\hosted\pub.dev\firebase_core-4.2.1\
[        ] Found plugin firebase_core_web at C:\Users\ASUS\AppData\Local\Pub\Cache\hosted\pub.dev\firebase_core_web-3.3.0\
[   +2 ms] Found plugin firebase_auth_web at C:\Users\ASUS\AppData\Local\Pub\Cache\hosted\pub.dev\firebase_auth_web-6.1.0\
[   +1 ms] Found plugin firebase_auth at C:\Users\ASUS\AppData\Local\Pub\Cache\hosted\pub.dev\firebase_auth-6.1.2\
[   +1 ms] Found plugin connectivity_plus at C:\Users\ASUS\AppData\Local\Pub\Cache\hosted\pub.dev\connectivity_plus-7.0.0\
[  +41 ms] Found plugin sqflite at C:\Users\ASUS\AppData\Local\Pub\Cache\hosted\pub.dev\sqflite-2.4.2\
[   +3 ms] Found plugin sqflite_darwin at C:\Users\ASUS\AppData\Local\Pub\Cache\hosted\pub.dev\sqflite_darwin-2.4.2\
[   +1 ms] Found plugin sqflite_android at C:\Users\ASUS\AppData\Local\Pub\Cache\hosted\pub.dev\sqflite_android-2.4.2+2\
[        ] Found plugin speech_to_text at C:\Users\ASUS\AppData\Local\Pub\Cache\hosted\pub.dev\speech_to_text-7.3.0\
[   +1 ms] Found plugin speech_to_text_windows at C:\Users\ASUS\AppData\Local\Pub\Cache\hosted\pub.dev\speech_to_text_windows-1.0.0+beta.8\
[   +4 ms] Found plugin shared_preferences at C:\Users\ASUS\AppData\Local\Pub\Cache\hosted\pub.dev\shared_preferences-2.5.3\
[        ] Found plugin shared_preferences_windows at C:\Users\ASUS\AppData\Local\Pub\Cache\hosted\pub.dev\shared_preferences_windows-2.4.1\
[   +1 ms] Found plugin path_provider_windows at C:\Users\ASUS\AppData\Local\Pub\Cache\hosted\pub.dev\path_provider_windows-2.3.0\
[   +2 ms] Found plugin shared_preferences_web at C:\Users\ASUS\AppData\Local\Pub\Cache\hosted\pub.dev\shared_preferences_web-2.4.3\
[        ] Found plugin shared_preferences_linux at C:\Users\ASUS\AppData\Local\Pub\Cache\hosted\pub.dev\shared_preferences_linux-2.4.1\
[        ] Found plugin path_provider_linux at C:\Users\ASUS\AppData\Local\Pub\Cache\hosted\pub.dev\path_provider_linux-2.2.1\
[   +1 ms] Found plugin shared_preferences_foundation at C:\Users\ASUS\AppData\Local\Pub\Cache\hosted\pub.dev\shared_preferences_foundation-2.5.6\
[        ] Found plugin shared_preferences_android at C:\Users\ASUS\AppData\Local\Pub\Cache\hosted\pub.dev\shared_preferences_android-2.4.18\
[   +1 ms] Found plugin permission_handler at C:\Users\ASUS\AppData\Local\Pub\Cache\hosted\pub.dev\permission_handler-12.0.1\
[        ] Found plugin permission_handler_windows at C:\Users\ASUS\AppData\Local\Pub\Cache\hosted\pub.dev\permission_handler_windows-0.2.1\
[   +1 ms] Found plugin permission_handler_html at C:\Users\ASUS\AppData\Local\Pub\Cache\hosted\pub.dev\permission_handler_html-0.1.3+5\
[        ] Found plugin permission_handler_apple at C:\Users\ASUS\AppData\Local\Pub\Cache\hosted\pub.dev\permission_handler_apple-9.4.7\
[        ] Found plugin permission_handler_android at C:\Users\ASUS\AppData\Local\Pub\Cache\hosted\pub.dev\permission_handler_android-13.0.1\
[        ] Found plugin path_provider at C:\Users\ASUS\AppData\Local\Pub\Cache\hosted\pub.dev\path_provider-2.1.5\
[        ] Found plugin path_provider_foundation at C:\Users\ASUS\AppData\Local\Pub\Cache\hosted\pub.dev\path_provider_foundation-2.5.1\
[        ] Found plugin path_provider_android at C:\Users\ASUS\AppData\Local\Pub\Cache\hosted\pub.dev\path_provider_android-2.2.22\
[   +2 ms] Found plugin image_picker at C:\Users\ASUS\AppData\Local\Pub\Cache\hosted\pub.dev\image_picker-1.2.1\
[        ] Found plugin image_picker_windows at C:\Users\ASUS\AppData\Local\Pub\Cache\hosted\pub.dev\image_picker_windows-0.2.2\
[   +3 ms] Found plugin file_selector_windows at C:\Users\ASUS\AppData\Local\Pub\Cache\hosted\pub.dev\file_selector_windows-0.9.3+5\
[   +2 ms] Found plugin image_picker_macos at C:\Users\ASUS\AppData\Local\Pub\Cache\hosted\pub.dev\image_picker_macos-0.2.2+1\
[        ] Found plugin file_selector_macos at C:\Users\ASUS\AppData\Local\Pub\Cache\hosted\pub.dev\file_selector_macos-0.9.5\
[        ] Found plugin image_picker_linux at C:\Users\ASUS\AppData\Local\Pub\Cache\hosted\pub.dev\image_picker_linux-0.2.2\
[        ] Found plugin file_selector_linux at C:\Users\ASUS\AppData\Local\Pub\Cache\hosted\pub.dev\file_selector_linux-0.9.4\
[        ] Found plugin image_picker_ios at C:\Users\ASUS\AppData\Local\Pub\Cache\hosted\pub.dev\image_picker_ios-0.8.13+3\
[        ] Found plugin image_picker_for_web at C:\Users\ASUS\AppData\Local\Pub\Cache\hosted\pub.dev\image_picker_for_web-3.1.1\
[   +1 ms] Found plugin image_picker_android at C:\Users\ASUS\AppData\Local\Pub\Cache\hosted\pub.dev\image_picker_android-0.8.13+10\
[        ] Found plugin flutter_plugin_android_lifecycle at C:\Users\ASUS\AppData\Local\Pub\Cache\hosted\pub.dev\flutter_plugin_android_lifecycle-2.0.33\
[   +5 ms] Found plugin flutter_local_notifications at C:\Users\ASUS\AppData\Local\Pub\Cache\hosted\pub.dev\flutter_local_notifications-19.5.0\
[   +1 ms] Found plugin flutter_local_notifications_windows at C:\Users\ASUS\AppData\Local\Pub\Cache\hosted\pub.dev\flutter_local_notifications_windows-1.0.3\
[   +6 ms] Found plugin flutter_local_notifications_linux at C:\Users\ASUS\AppData\Local\Pub\Cache\hosted\pub.dev\flutter_local_notifications_linux-6.0.0\
[   +2 ms] Found plugin flutter_background_service at C:\Users\ASUS\AppData\Local\Pub\Cache\hosted\pub.dev\flutter_background_service-5.1.0\
[   +1 ms] Found plugin flutter_background_service_ios at C:\Users\ASUS\AppData\Local\Pub\Cache\hosted\pub.dev\flutter_background_service_ios-5.0.3\
[   +1 ms] Found plugin flutter_background_service_android at C:\Users\ASUS\AppData\Local\Pub\Cache\hosted\pub.dev\flutter_background_service_android-6.3.1\
[   +2 ms] Found plugin firebase_database at C:\Users\ASUS\AppData\Local\Pub\Cache\hosted\pub.dev\firebase_database-12.1.0\
[        ] Found plugin firebase_database_web at C:\Users\ASUS\AppData\Local\Pub\Cache\hosted\pub.dev\firebase_database_web-0.2.7+1\
[   +1 ms] Found plugin firebase_core at C:\Users\ASUS\AppData\Local\Pub\Cache\hosted\pub.dev\firebase_core-4.2.1\
[        ] Found plugin firebase_core_web at C:\Users\ASUS\AppData\Local\Pub\Cache\hosted\pub.dev\firebase_core_web-3.3.0\
[   +2 ms] Found plugin firebase_auth_web at C:\Users\ASUS\AppData\Local\Pub\Cache\hosted\pub.dev\firebase_auth_web-6.1.0\
[   +1 ms] Found plugin firebase_auth at C:\Users\ASUS\AppData\Local\Pub\Cache\hosted\pub.dev\firebase_auth-6.1.2\
[   +1 ms] Found plugin connectivity_plus at C:\Users\ASUS\AppData\Local\Pub\Cache\hosted\pub.dev\connectivity_plus-7.0.0\
[  +13 ms] Skipping generating web_plugin_registrant.dart because it is up-to-date.
[  +23 ms] Found plugin sqflite at C:\Users\ASUS\AppData\Local\Pub\Cache\hosted\pub.dev\sqflite-2.4.2\
[   +2 ms] Found plugin sqflite_darwin at C:\Users\ASUS\AppData\Local\Pub\Cache\hosted\pub.dev\sqflite_darwin-2.4.2\
[        ] Found plugin sqflite_android at C:\Users\ASUS\AppData\Local\Pub\Cache\hosted\pub.dev\sqflite_android-2.4.2+2\
[        ] Found plugin speech_to_text at C:\Users\ASUS\AppData\Local\Pub\Cache\hosted\pub.dev\speech_to_text-7.3.0\
[        ] Found plugin speech_to_text_windows at C:\Users\ASUS\AppData\Local\Pub\Cache\hosted\pub.dev\speech_to_text_windows-1.0.0+beta.8\
[   +4 ms] Found plugin shared_preferences at C:\Users\ASUS\AppData\Local\Pub\Cache\hosted\pub.dev\shared_preferences-2.5.3\
[        ] Found plugin shared_preferences_windows at C:\Users\ASUS\AppData\Local\Pub\Cache\hosted\pub.dev\shared_preferences_windows-2.4.1\
[   +1 ms] Found plugin path_provider_windows at C:\Users\ASUS\AppData\Local\Pub\Cache\hosted\pub.dev\path_provider_windows-2.3.0\
[   +1 ms] Found plugin shared_preferences_web at C:\Users\ASUS\AppData\Local\Pub\Cache\hosted\pub.dev\shared_preferences_web-2.4.3\
[        ] Found plugin shared_preferences_linux at C:\Users\ASUS\AppData\Local\Pub\Cache\hosted\pub.dev\shared_preferences_linux-2.4.1\
[        ] Found plugin path_provider_linux at C:\Users\ASUS\AppData\Local\Pub\Cache\hosted\pub.dev\path_provider_linux-2.2.1\
[   +1 ms] Found plugin shared_preferences_foundation at C:\Users\ASUS\AppData\Local\Pub\Cache\hosted\pub.dev\shared_preferences_foundation-2.5.6\
[        ] Found plugin shared_preferences_android at C:\Users\ASUS\AppData\Local\Pub\Cache\hosted\pub.dev\shared_preferences_android-2.4.18\
[   +1 ms] Found plugin permission_handler at C:\Users\ASUS\AppData\Local\Pub\Cache\hosted\pub.dev\permission_handler-12.0.1\
[        ] Found plugin permission_handler_windows at C:\Users\ASUS\AppData\Local\Pub\Cache\hosted\pub.dev\permission_handler_windows-0.2.1\
[        ] Found plugin permission_handler_html at C:\Users\ASUS\AppData\Local\Pub\Cache\hosted\pub.dev\permission_handler_html-0.1.3+5\
[        ] Found plugin permission_handler_apple at C:\Users\ASUS\AppData\Local\Pub\Cache\hosted\pub.dev\permission_handler_apple-9.4.7\
[   +1 ms] Found plugin permission_handler_android at C:\Users\ASUS\AppData\Local\Pub\Cache\hosted\pub.dev\permission_handler_android-13.0.1\
[   +1 ms] Found plugin path_provider at C:\Users\ASUS\AppData\Local\Pub\Cache\hosted\pub.dev\path_provider-2.1.5\
[        ] Found plugin path_provider_foundation at C:\Users\ASUS\AppData\Local\Pub\Cache\hosted\pub.dev\path_provider_foundation-2.5.1\
[        ] Found plugin path_provider_android at C:\Users\ASUS\AppData\Local\Pub\Cache\hosted\pub.dev\path_provider_android-2.2.22\
[   +1 ms] Found plugin image_picker at C:\Users\ASUS\AppData\Local\Pub\Cache\hosted\pub.dev\image_picker-1.2.1\
[        ] Found plugin image_picker_windows at C:\Users\ASUS\AppData\Local\Pub\Cache\hosted\pub.dev\image_picker_windows-0.2.2\
[   +2 ms] Found plugin file_selector_windows at C:\Users\ASUS\AppData\Local\Pub\Cache\hosted\pub.dev\file_selector_windows-0.9.3+5\
[   +1 ms] Found plugin image_picker_macos at C:\Users\ASUS\AppData\Local\Pub\Cache\hosted\pub.dev\image_picker_macos-0.2.2+1\
[        ] Found plugin file_selector_macos at C:\Users\ASUS\AppData\Local\Pub\Cache\hosted\pub.dev\file_selector_macos-0.9.5\
[        ] Found plugin image_picker_linux at C:\Users\ASUS\AppData\Local\Pub\Cache\hosted\pub.dev\image_picker_linux-0.2.2\
[        ] Found plugin file_selector_linux at C:\Users\ASUS\AppData\Local\Pub\Cache\hosted\pub.dev\file_selector_linux-0.9.4\
[        ] Found plugin image_picker_ios at C:\Users\ASUS\AppData\Local\Pub\Cache\hosted\pub.dev\image_picker_ios-0.8.13+3\
[        ] Found plugin image_picker_for_web at C:\Users\ASUS\AppData\Local\Pub\Cache\hosted\pub.dev\image_picker_for_web-3.1.1\
[   +1 ms] Found plugin image_picker_android at C:\Users\ASUS\AppData\Local\Pub\Cache\hosted\pub.dev\image_picker_android-0.8.13+10\
[   +1 ms] Found plugin flutter_plugin_android_lifecycle at C:\Users\ASUS\AppData\Local\Pub\Cache\hosted\pub.dev\flutter_plugin_android_lifecycle-2.0.33\
[   +5 ms] Found plugin flutter_local_notifications at C:\Users\ASUS\AppData\Local\Pub\Cache\hosted\pub.dev\flutter_local_notifications-19.5.0\
[   +1 ms] Found plugin flutter_local_notifications_windows at C:\Users\ASUS\AppData\Local\Pub\Cache\hosted\pub.dev\flutter_local_notifications_windows-1.0.3\
[   +1 ms] Found plugin flutter_local_notifications_linux at C:\Users\ASUS\AppData\Local\Pub\Cache\hosted\pub.dev\flutter_local_notifications_linux-6.0.0\
[   +2 ms] Found plugin flutter_background_service at C:\Users\ASUS\AppData\Local\Pub\Cache\hosted\pub.dev\flutter_background_service-5.1.0\
[   +1 ms] Found plugin flutter_background_service_ios at C:\Users\ASUS\AppData\Local\Pub\Cache\hosted\pub.dev\flutter_background_service_ios-5.0.3\
[   +1 ms] Found plugin flutter_background_service_android at C:\Users\ASUS\AppData\Local\Pub\Cache\hosted\pub.dev\flutter_background_service_android-6.3.1\
[   +2 ms] Found plugin firebase_database at C:\Users\ASUS\AppData\Local\Pub\Cache\hosted\pub.dev\firebase_database-12.1.0\
[        ] Found plugin firebase_database_web at C:\Users\ASUS\AppData\Local\Pub\Cache\hosted\pub.dev\firebase_database_web-0.2.7+1\
[   +1 ms] Found plugin firebase_core at C:\Users\ASUS\AppData\Local\Pub\Cache\hosted\pub.dev\firebase_core-4.2.1\
[        ] Found plugin firebase_core_web at C:\Users\ASUS\AppData\Local\Pub\Cache\hosted\pub.dev\firebase_core_web-3.3.0\
[   +1 ms] Found plugin firebase_auth_web at C:\Users\ASUS\AppData\Local\Pub\Cache\hosted\pub.dev\firebase_auth_web-6.1.0\
[   +1 ms] Found plugin firebase_auth at C:\Users\ASUS\AppData\Local\Pub\Cache\hosted\pub.dev\firebase_auth-6.1.2\
[   +1 ms] Found plugin connectivity_plus at C:\Users\ASUS\AppData\Local\Pub\Cache\hosted\pub.dev\connectivity_plus-7.0.0\
[  +11 ms] Generating C:\Users\ASUS\Desktop\SmartHomeAutomationv2.1\mobile_app\android\app\src\main\java\io\flutter\plugins\GeneratedPluginRegistrant.java
[   +1 ms] Skipping generating GeneratedPluginRegistrant.java because it is up-to-date.
[   +3 ms] Skipping generating generated_plugin_registrant.h because it is up-to-date.
[        ] Skipping generating generated_plugin_registrant.cc because it is up-to-date.
[        ] Skipping generating generated_plugins.cmake because it is up-to-date.
[   +1 ms] Skipping generating generated_plugin_registrant.h because it is up-to-date.
[        ] Skipping generating generated_plugin_registrant.cc because it is up-to-date.
[        ] Skipping generating generated_plugins.cmake because it is up-to-date.
[   +1 ms] Skipping generating GeneratedPluginRegistrant.h because it is up-to-date.
[        ] Skipping generating GeneratedPluginRegistrant.m because it is up-to-date.
[   +1 ms] Skipping generating GeneratedPluginRegistrant.swift because it is up-to-date.
[ +103 ms] executing: C:\Program Files\Android\Android Studio\jbr\bin\java -version
[  +85 ms] Exit code 0 from: C:\Program Files\Android\Android Studio\jbr\bin\java -version
[        ] openjdk version "21.0.8" 2025-07-15
           OpenJDK Runtime Environment (build 21.0.8+-14196175-b1038.72)
           OpenJDK 64-Bit Server VM (build 21.0.8+-14196175-b1038.72, mixed mode)
[   +4 ms] Top-level Gradle build file not found, skipping migration of task "clean".
[   +1 ms] executing: C:\Program Files\Android\Android Studio\jbr\bin\java --version
[  +93 ms] Exit code 0 from: C:\Program Files\Android\Android Studio\jbr\bin\java --version
[        ] openjdk 21.0.8 2025-07-15
           OpenJDK Runtime Environment (build 21.0.8+-14196175-b1038.72)
           OpenJDK 64-Bit Server VM (build 21.0.8+-14196175-b1038.72, mixed mode)
[   +1 ms] Version of Java is different than impacted version, no migration attempted.
[   +9 ms] CMake project not found, skipping support Android 15 16k page size migration.
[   +3 ms] Using gradle from C:\Users\ASUS\Desktop\SmartHomeAutomationv2.1\mobile_app\android\gradlew.bat.
[   +7 ms] LocalFile: 'C:\Users\ASUS\Desktop\SmartHomeAutomationv2.1\mobile_app\android\build.gradle.kts' doesn't provide an AGP version. Checking settings.
[        ] LocalFile: 'C:\Users\ASUS\Desktop\SmartHomeAutomationv2.1\mobile_app\android\settings.gradle.kts' provides AGP version: 8.11.1
[  +16 ms] Running Gradle task 'assembleRelease'...
[   +1 ms] executing: [C:\Users\ASUS\Desktop\SmartHomeAutomationv2.1\mobile_app\android/] C:\Users\ASUS\Desktop\SmartHomeAutomationv2.1\mobile_app\android\gradlew.bat --full-stacktrace --info -Pverbose=true -Ptarget-platform=android-arm,android-arm64,android-x64 -Ptarget=lib\main.dart -Pbase-application-name=android.app.Application -Pdart-defines=RkxVVFRFUl9WRVJTSU9OPTMuMzguMw==,RkxVVFRFUl9DSEFOTkVMPXN0YWJsZQ==,RkxVVFRFUl9HSVRfVVJMPWh0dHBzOi8vZ2l0aHViLmNvbS9mbHV0dGVyL2ZsdXR0ZXIuZ2l0,RkxVVFRFUl9GUkFNRVdPUktfUkVWSVNJT049MTkwNzRkMTJmNw==,RkxVVFRFUl9FTkdJTkVfUkVWSVNJT049MTNlNjU4NzI1ZA==,RkxVVFRFUl9EQVJUX1ZFUlNJT049My4xMC4x -Pdart-obfuscation=false -Ptrack-widget-creation=true -Ptree-shake-icons=true assembleRelease
[ +484 ms] Initialized native services in: C:\Users\ASUS\.gradle\native
[   +1 ms] Initialized jansi services in: C:\Users\ASUS\.gradle\native
[ +327 ms] The client will now receive all logging from the daemon (pid: 33248). The daemon log file: C:\Users\ASUS\.gradle\daemon\8.14\daemon-33248.out.log
[        ] Starting 6th build in daemon [uptime: 18 mins 49.435 secs, performance: 100%, GC rate: 0.00/s, heap usage: 0% of 8 GiB, non-heap usage: 8% of 4 GiB]
[        ] Using 16 worker leases.
[        ] Now considering [C:\Users\ASUS\Desktop\SmartHomeAutomationv2.1\mobile_app\android, C:\flutter\packages\flutter_tools\gradle] as hierarchies to watch
[        ] Watching the file system is configured to be enabled if available
[        ] File system watching is active
[        ] Starting Build
[  +89 ms] Now considering [C:\flutter\packages\flutter_tools\gradle, C:\Users\ASUS\Desktop\SmartHomeAutomationv2.1\mobile_app\android] as hierarchies to watch
[ +196 ms] > Configure project :gradle
[        ] Evaluating project ':gradle' using build file 'C:\flutter\packages\flutter_tools\gradle\build.gradle.kts'.
[        ] Resolved plugin [id: 'org.gradle.java-gradle-plugin']
[        ] Resolved plugin [id: 'org.gradle.groovy']
[        ] Resolved plugin [id: 'org.gradle.kotlin.kotlin-dsl', version: '5.2.0']
[        ] Resolved plugin [id: 'org.jetbrains.kotlin.jvm', version: '1.9.20']
[        ] Using Kotlin Gradle Plugin gradle85 variant
[        ] kotlin scripting plugin: created the scripting discovery configuration: kotlinScriptDef
[        ] kotlin scripting plugin: created the scripting discovery configuration: testKotlinScriptDef
[        ] file or directory 'C:\flutter\packages\flutter_tools\gradle\src\main\java', not found
[        ] Resolved plugin [id: 'dev.flutter.flutter-plugin-loader', version: '1.0.0']
[        ] Resolved plugin [id: 'com.android.application', version: '8.11.1', apply: false]
[        ] Resolved plugin [id: 'org.jetbrains.kotlin.android', version: '2.2.20', apply: false]
[ +103 ms] Resolve mutations for :gradle:checkKotlinGradlePluginConfigurationErrors (Thread[#1283,Execution worker,5,main]) started.
[        ] :gradle:checkKotlinGradlePluginConfigurationErrors (Thread[#1283,Execution worker,5,main]) started.
[        ] > Task :gradle:checkKotlinGradlePluginConfigurationErrors SKIPPED
[        ] Skipping task ':gradle:checkKotlinGradlePluginConfigurationErrors' as task onlyIf 'errorDiagnostics are present' is false.
[        ] Resolve mutations for :gradle:compileKotlin (Thread[#1283,Execution worker,5,main]) started.
[        ] :gradle:compileKotlin (Thread[#1283,Execution worker,5,main]) started.
[  +96 ms] > Task :gradle:compileKotlin UP-TO-DATE
[        ] Caching disabled for task ':gradle:compileKotlin' because:
[        ]   Build cache is disabled
[        ] Skipping task ':gradle:compileKotlin' as it is up-to-date.
[        ] Resolve mutations for :gradle:compileJava (Thread[#1283,Execution worker,5,main]) started.
[        ] :gradle:compileJava (Thread[#1283,Execution worker,5,main]) started.
[        ] > Task :gradle:compileJava NO-SOURCE
[        ] Skipping task ':gradle:compileJava' as it has no source files and no previous output files.
[        ] Resolve mutations for :gradle:compileGroovy (Thread[#1283,Execution worker,5,main]) started.
[        ] :gradle:compileGroovy (Thread[#1283,Execution worker,5,main]) started.
[        ] > Task :gradle:compileGroovy NO-SOURCE
[        ] Skipping task ':gradle:compileGroovy' as it has no source files and no previous output files.
[        ] Resolve mutations for :gradle:pluginDescriptors (Thread[#1283,Execution worker,5,main]) started.
[        ] :gradle:pluginDescriptors (Thread[#1297,Execution worker Thread 14,5,main]) started.
[        ] > Task :gradle:pluginDescriptors UP-TO-DATE
[        ] Caching disabled for task ':gradle:pluginDescriptors' because:
[        ]   Build cache is disabled
[        ]   Not worth caching
[        ] Skipping task ':gradle:pluginDescriptors' as it is up-to-date.
[        ] Resolve mutations for :gradle:processResources (Thread[#1297,Execution worker Thread 14,5,main]) started.
[        ] :gradle:processResources (Thread[#1297,Execution worker Thread 14,5,main]) started.
[        ] > Task :gradle:processResources UP-TO-DATE
[        ] Caching disabled for task ':gradle:processResources' because:
[        ]   Build cache is disabled
[        ]   Not worth caching
[        ] Skipping task ':gradle:processResources' as it is up-to-date.
[        ] Resolve mutations for :gradle:classes (Thread[#1297,Execution worker Thread 14,5,main]) started.
[        ] :gradle:classes (Thread[#1287,Execution worker Thread 5,5,main]) started.
[        ] > Task :gradle:classes UP-TO-DATE
[        ] Skipping task ':gradle:classes' as it has no actions.
[        ] Resolve mutations for :gradle:jar (Thread[#1287,Execution worker Thread 5,5,main]) started.
[        ] :gradle:jar (Thread[#1287,Execution worker Thread 5,5,main]) started.
[        ] > Task :gradle:jar UP-TO-DATE
[        ] Caching disabled for task ':gradle:jar' because:
[        ]   Build cache is disabled
[        ]   Not worth caching
[        ] Skipping task ':gradle:jar' as it is up-to-date.
[ +191 ms] Settings evaluated using settings file 'C:\Users\ASUS\Desktop\SmartHomeAutomationv2.1\mobile_app\android\settings.gradle.kts'.
[        ] Projects loaded. Root project using build file 'C:\Users\ASUS\Desktop\SmartHomeAutomationv2.1\mobile_app\android\build.gradle.kts'.
[        ] Included projects: [root project 'android', project ':app', project ':connectivity_plus', project ':firebase_auth', project ':firebase_core', project ':firebase_database', project ':flutter_background_service_android', project ':flutter_local_notifications', project ':flutter_plugin_android_lifecycle', project ':image_picker_android', project ':path_provider_android', project ':permission_handler_android', project ':shared_preferences_android', project ':speech_to_text', project ':sqflite_android']
[ +303 ms] > Configure project :app
[        ] Evaluating project ':app' using build file 'C:\Users\ASUS\Desktop\SmartHomeAutomationv2.1\mobile_app\android\app\build.gradle.kts'.
[        ] Resolved plugin [id: 'com.android.application']
[        ] Resolved plugin [id: 'kotlin-android']
[        ] Resolved plugin [id: 'dev.flutter.flutter-gradle-plugin']
[        ] Using default execution profile
[        ] Build c02ca385-f1a0-470c-90e6-dc72cfcea25f is started
[        ] Using Kotlin Gradle Plugin gradle813 variant
[        ] C/C++: android.ndkVersion from module build.gradle is [28.2.13676358]
[        ] C/C++: android.ndkPath from module build.gradle is not set
[        ] C/C++: ndk.dir in local.properties is not set
[        ] C/C++: Not considering ANDROID_NDK_HOME because support was removed after deprecation period.
[        ] C/C++: sdkFolder is C:\Users\ASUS\AppData\Local\Android\sdk
[        ] C/C++: android.ndkVersion from module build.gradle is [28.2.13676358]
[        ] C/C++: android.ndkPath from module build.gradle is not set
[        ] C/C++: ndk.dir in local.properties is not set
[        ] C/C++: Not considering ANDROID_NDK_HOME because support was removed after deprecation period.
[        ] C/C++: sdkFolder is C:\Users\ASUS\AppData\Local\Android\sdk
[        ] C/C++: android.ndkVersion from module build.gradle is [28.2.13676358]
[        ] C/C++: android.ndkPath from module build.gradle is not set
[        ] C/C++: ndk.dir in local.properties is not set
[        ] C/C++: Not considering ANDROID_NDK_HOME because support was removed after deprecation period.
[        ] C/C++: sdkFolder is C:\Users\ASUS\AppData\Local\Android\sdk
[        ] C/C++: android.ndkVersion from module build.gradle is [28.2.13676358]
[        ] C/C++: android.ndkPath from module build.gradle is not set
[   +3 ms] C/C++: ndk.dir in local.properties is not set
[        ] C/C++: Not considering ANDROID_NDK_HOME because support was removed after deprecation period.
[        ] C/C++: sdkFolder is C:\Users\ASUS\AppData\Local\Android\sdk
[        ] C/C++: android.ndkVersion from module build.gradle is [28.2.13676358]
[        ] C/C++: android.ndkPath from module build.gradle is not set
[        ] C/C++: ndk.dir in local.properties is not set
[        ] C/C++: Not considering ANDROID_NDK_HOME because support was removed after deprecation period.
[        ] C/C++: sdkFolder is C:\Users\ASUS\AppData\Local\Android\sdk
[        ] C/C++: android.ndkVersion from module build.gradle is [28.2.13676358]
[        ] C/C++: android.ndkPath from module build.gradle is not set
[        ] C/C++: ndk.dir in local.properties is not set
[        ] C/C++: Not considering ANDROID_NDK_HOME because support was removed after deprecation period.
[        ] C/C++: sdkFolder is C:\Users\ASUS\AppData\Local\Android\sdk
[        ] C/C++: android.ndkVersion from module build.gradle is [28.2.13676358]
[        ] C/C++: android.ndkPath from module build.gradle is not set
[        ] C/C++: ndk.dir in local.properties is not set
[        ] C/C++: Not considering ANDROID_NDK_HOME because support was removed after deprecation period.
[        ] C/C++: sdkFolder is C:\Users\ASUS\AppData\Local\Android\sdk
[        ] C/C++: android.ndkVersion from module build.gradle is [28.2.13676358]
[        ] C/C++: android.ndkPath from module build.gradle is not set
[        ] C/C++: ndk.dir in local.properties is not set
[        ] C/C++: Not considering ANDROID_NDK_HOME because support was removed after deprecation period.
[        ] C/C++: sdkFolder is C:\Users\ASUS\AppData\Local\Android\sdk
[        ] C/C++: android.ndkVersion from module build.gradle is [28.2.13676358]
[        ] C/C++: android.ndkPath from module build.gradle is not set
[        ] C/C++: ndk.dir in local.properties is not set
[        ] C/C++: Not considering ANDROID_NDK_HOME because support was removed after deprecation period.
[        ] C/C++: sdkFolder is C:\Users\ASUS\AppData\Local\Android\sdk
[        ] C/C++: android.ndkVersion from module build.gradle is [28.2.13676358]
[        ] C/C++: android.ndkPath from module build.gradle is not set
[        ] C/C++: ndk.dir in local.properties is not set
[        ] C/C++: Not considering ANDROID_NDK_HOME because support was removed after deprecation period.
[        ] C/C++: sdkFolder is C:\Users\ASUS\AppData\Local\Android\sdk
[        ] C/C++: android.ndkVersion from module build.gradle is [28.2.13676358]
[        ] C/C++: android.ndkPath from module build.gradle is not set
[        ] C/C++: ndk.dir in local.properties is not set
[        ] C/C++: Not considering ANDROID_NDK_HOME because support was removed after deprecation period.
[        ] C/C++: sdkFolder is C:\Users\ASUS\AppData\Local\Android\sdk
[        ] C/C++: android.ndkVersion from module build.gradle is [28.2.13676358]
[        ] C/C++: android.ndkPath from module build.gradle is not set
[        ] C/C++: ndk.dir in local.properties is not set
[        ] C/C++: Not considering ANDROID_NDK_HOME because support was removed after deprecation period.
[        ] C/C++: sdkFolder is C:\Users\ASUS\AppData\Local\Android\sdk
[        ] C/C++: android.ndkVersion from module build.gradle is [28.2.13676358]
[        ] C/C++: android.ndkPath from module build.gradle is not set
[        ] C/C++: ndk.dir in local.properties is not set
[        ] C/C++: Not considering ANDROID_NDK_HOME because support was removed after deprecation period.
[        ] C/C++: sdkFolder is C:\Users\ASUS\AppData\Local\Android\sdk
[        ] C/C++: android.ndkVersion from module build.gradle is [28.2.13676358]
[        ] C/C++: android.ndkPath from module build.gradle is not set
[        ] C/C++: ndk.dir in local.properties is not set
[        ] C/C++: Not considering ANDROID_NDK_HOME because support was removed after deprecation period.
[        ] C/C++: sdkFolder is C:\Users\ASUS\AppData\Local\Android\sdk
[        ] C/C++: android.ndkVersion from module build.gradle is [28.2.13676358]
[        ] C/C++: android.ndkPath from module build.gradle is not set
[        ] C/C++: ndk.dir in local.properties is not set
[        ] C/C++: Not considering ANDROID_NDK_HOME because support was removed after deprecation period.
[        ] C/C++: sdkFolder is C:\Users\ASUS\AppData\Local\Android\sdk
[        ] C/C++: android.ndkVersion from module build.gradle is [28.2.13676358]
[        ] C/C++: android.ndkPath from module build.gradle is not set
[        ] C/C++: ndk.dir in local.properties is not set
[        ] C/C++: Not considering ANDROID_NDK_HOME because support was removed after deprecation period.
[        ] C/C++: sdkFolder is C:\Users\ASUS\AppData\Local\Android\sdk
[        ] C/C++: android.ndkVersion from module build.gradle is [28.2.13676358]
[        ] C/C++: android.ndkPath from module build.gradle is not set
[        ] C/C++: ndk.dir in local.properties is not set
[        ] C/C++: Not considering ANDROID_NDK_HOME because support was removed after deprecation period.
[        ] C/C++: sdkFolder is C:\Users\ASUS\AppData\Local\Android\sdk
[        ] C/C++: android.ndkVersion from module build.gradle is [28.2.13676358]
[        ] C/C++: android.ndkPath from module build.gradle is not set
[        ] C/C++: ndk.dir in local.properties is not set
[        ] C/C++: Not considering ANDROID_NDK_HOME because support was removed after deprecation period.
[        ] C/C++: sdkFolder is C:\Users\ASUS\AppData\Local\Android\sdk
[        ] C/C++: android.ndkVersion from module build.gradle is [28.2.13676358]
[        ] C/C++: android.ndkPath from module build.gradle is not set
[        ] C/C++: ndk.dir in local.properties is not set
[        ] C/C++: Not considering ANDROID_NDK_HOME because support was removed after deprecation period.
[        ] C/C++: sdkFolder is C:\Users\ASUS\AppData\Local\Android\sdk
[        ] > Configure project :
[        ] Evaluating root project 'android' using build file 'C:\Users\ASUS\Desktop\SmartHomeAutomationv2.1\mobile_app\android\build.gradle.kts'.
[ +174 ms] > Configure project :connectivity_plus
[        ] Evaluating project ':connectivity_plus' using build file 'C:\Users\ASUS\AppData\Local\Pub\Cache\hosted\pub.dev\connectivity_plus-7.0.0\android\build.gradle'.
[        ] Using default execution profile
[ +103 ms] > Configure project :firebase_auth
[        ] Evaluating project ':firebase_auth' using build file 'C:\Users\ASUS\AppData\Local\Pub\Cache\hosted\pub.dev\firebase_auth-6.1.2\android\build.gradle'.
[        ] Using default execution profile
[        ] > Configure project :firebase_core
[        ] Evaluating project ':firebase_core' using build file 'C:\Users\ASUS\AppData\Local\Pub\Cache\hosted\pub.dev\firebase_core-4.2.1\android\build.gradle'.
[        ] Using default execution profile
[ +197 ms] > Configure project :firebase_database
[        ] Evaluating project ':firebase_database' using build file 'C:\Users\ASUS\AppData\Local\Pub\Cache\hosted\pub.dev\firebase_database-12.1.0\android\build.gradle'.
[        ] Using default execution profile
[        ] Using Kotlin Gradle Plugin gradle813 variant
[ +100 ms] > Configure project :flutter_background_service_android
[        ] Evaluating project ':flutter_background_service_android' using build file 'C:\Users\ASUS\AppData\Local\Pub\Cache\hosted\pub.dev\flutter_background_service_android-6.3.1\android\build.gradle'.
[        ] Using default execution profile
[ +197 ms] > Configure project :flutter_local_notifications
[        ] Evaluating project ':flutter_local_notifications' using build file 'C:\Users\ASUS\AppData\Local\Pub\Cache\hosted\pub.dev\flutter_local_notifications-19.5.0\android\build.gradle'.
[        ] Using default execution profile
[ +104 ms] > Configure project :flutter_plugin_android_lifecycle
[        ] Evaluating project ':flutter_plugin_android_lifecycle' using build file 'C:\Users\ASUS\AppData\Local\Pub\Cache\hosted\pub.dev\flutter_plugin_android_lifecycle-2.0.33\android\build.gradle'.
[        ] Using default execution profile
[        ] > Configure project :image_picker_android
[        ] Evaluating project ':image_picker_android' using build file 'C:\Users\ASUS\AppData\Local\Pub\Cache\hosted\pub.dev\image_picker_android-0.8.13+10\android\build.gradle'.
[        ] Using default execution profile
[ +103 ms] > Configure project :path_provider_android
[        ] Evaluating project ':path_provider_android' using build file 'C:\Users\ASUS\AppData\Local\Pub\Cache\hosted\pub.dev\path_provider_android-2.2.22\android\build.gradle'.
[        ] Using default execution profile
[  +91 ms] > Configure project :permission_handler_android
[        ] Evaluating project ':permission_handler_android' using build file 'C:\Users\ASUS\AppData\Local\Pub\Cache\hosted\pub.dev\permission_handler_android-13.0.1\android\build.gradle'.
[        ] Using default execution profile
[  +95 ms] > Configure project :shared_preferences_android
[        ] Evaluating project ':shared_preferences_android' using build file 'C:\Users\ASUS\AppData\Local\Pub\Cache\hosted\pub.dev\shared_preferences_android-2.4.18\android\build.gradle'.
[        ] Using default execution profile
[        ] Using Kotlin Gradle Plugin gradle813 variant
[ +103 ms] > Configure project :speech_to_text
[        ] Evaluating project ':speech_to_text' using build file 'C:\Users\ASUS\AppData\Local\Pub\Cache\hosted\pub.dev\speech_to_text-7.3.0\android\build.gradle'.
[        ] Using default execution profile
[        ] Using Kotlin Gradle Plugin gradle813 variant
[  +95 ms] > Configure project :sqflite_android
[        ] Evaluating project ':sqflite_android' using build file 'C:\Users\ASUS\AppData\Local\Pub\Cache\hosted\pub.dev\sqflite_android-2.4.2+2\android\build.gradle'.
[        ] Using default execution profile
[        ] All projects evaluated.
[        ] Task name matched 'assembleRelease'
[        ] Selected primary task 'assembleRelease' from project :
[ +912 ms] Tasks to be executed: [task ':app:ReleaseMinSdkCheck', task ':app:compileFlutterBuildRelease', task ':app:packJniLibsflutterBuildRelease', task ':app:preBuild', task ':app:preReleaseBuild', task ':app:configureCMakeRelease[arm64-v8a]', task ':app:buildCMakeRelease[arm64-v8a]', task ':app:configureCMakeRelease[armeabi-v7a]', task ':app:buildCMakeRelease[armeabi-v7a]', task ':app:configureCMakeRelease[x86_64]', task ':app:buildCMakeRelease[x86_64]', task ':app:mergeReleaseJniLibFolders', task ':connectivity_plus:preBuild', task ':connectivity_plus:preReleaseBuild', task ':connectivity_plus:mergeReleaseJniLibFolders', task ':connectivity_plus:mergeReleaseNativeLibs', task ':connectivity_plus:copyReleaseJniLibsProjectOnly', task ':firebase_auth:preBuild', task ':firebase_auth:preReleaseBuild', task ':firebase_auth:mergeReleaseJniLibFolders', task ':firebase_auth:mergeReleaseNativeLibs', task ':firebase_auth:copyReleaseJniLibsProjectOnly', task ':firebase_core:preBuild', task ':firebase_core:preReleaseBuild', task ':firebase_core:mergeReleaseJniLibFolders', task ':firebase_core:mergeReleaseNativeLibs', task ':firebase_core:copyReleaseJniLibsProjectOnly', task ':firebase_database:preBuild', task ':firebase_database:preReleaseBuild', task ':firebase_database:mergeReleaseJniLibFolders', task ':firebase_database:mergeReleaseNativeLibs', task ':firebase_database:copyReleaseJniLibsProjectOnly', task ':flutter_background_service_android:preBuild', task ':flutter_background_service_android:preReleaseBuild', task ':flutter_background_service_android:mergeReleaseJniLibFolders', task ':flutter_background_service_android:mergeReleaseNativeLibs', task ':flutter_background_service_android:copyReleaseJniLibsProjectOnly', task ':flutter_local_notifications:preBuild', task ':flutter_local_notifications:preReleaseBuild', task ':flutter_local_notifications:mergeReleaseJniLibFolders', task ':flutter_local_notifications:mergeReleaseNativeLibs', task ':flutter_local_notifications:copyReleaseJniLibsProjectOnly', task ':flutter_plugin_android_lifecycle:preBuild', task ':flutter_plugin_android_lifecycle:preReleaseBuild', task ':flutter_plugin_android_lifecycle:mergeReleaseJniLibFolders', task ':flutter_plugin_android_lifecycle:mergeReleaseNativeLibs', task ':flutter_plugin_android_lifecycle:copyReleaseJniLibsProjectOnly', task ':image_picker_android:preBuild', task ':image_picker_android:preReleaseBuild', task ':image_picker_android:mergeReleaseJniLibFolders', task ':image_picker_android:mergeReleaseNativeLibs', task ':image_picker_android:copyReleaseJniLibsProjectOnly', task ':path_provider_android:preBuild', task ':path_provider_android:preReleaseBuild', task ':path_provider_android:mergeReleaseJniLibFolders', task ':path_provider_android:mergeReleaseNativeLibs', task ':path_provider_android:copyReleaseJniLibsProjectOnly', task ':permission_handler_android:preBuild', task ':permission_handler_android:preReleaseBuild', task ':permission_handler_android:mergeReleaseJniLibFolders', task ':permission_handler_android:mergeReleaseNativeLibs', task ':permission_handler_android:copyReleaseJniLibsProjectOnly', task ':shared_preferences_android:preBuild', task ':shared_preferences_android:preReleaseBuild', task ':shared_preferences_android:mergeReleaseJniLibFolders', task ':shared_preferences_android:mergeReleaseNativeLibs', task ':shared_preferences_android:copyReleaseJniLibsProjectOnly', task ':speech_to_text:preBuild', task ':speech_to_text:preReleaseBuild', task ':speech_to_text:mergeReleaseJniLibFolders', task ':speech_to_text:mergeReleaseNativeLibs', task ':speech_to_text:copyReleaseJniLibsProjectOnly', task ':sqflite_android:preBuild', task ':sqflite_android:preReleaseBuild', task ':sqflite_android:mergeReleaseJniLibFolders', task ':sqflite_android:mergeReleaseNativeLibs', task ':sqflite_android:copyReleaseJniLibsProjectOnly', task ':app:mergeReleaseNativeLibs', task ':app:stripReleaseDebugSymbols', task ':app:extractReleaseNativeSymbolTables', task ':app:mergeReleaseNativeDebugMetadata', task ':connectivity_plus:prepareReleaseArtProfile', task ':firebase_auth:prepareReleaseArtProfile', task ':firebase_core:prepareReleaseArtProfile', task ':firebase_database:prepareReleaseArtProfile', task ':flutter_background_service_android:prepareReleaseArtProfile', task ':flutter_local_notifications:prepareReleaseArtProfile', task ':flutter_plugin_android_lifecycle:prepareReleaseArtProfile', task ':image_picker_android:prepareReleaseArtProfile', task ':path_provider_android:prepareReleaseArtProfile', task ':permission_handler_android:prepareReleaseArtProfile', task ':shared_preferences_android:prepareReleaseArtProfile', task ':speech_to_text:prepareReleaseArtProfile', task ':sqflite_android:prepareReleaseArtProfile', task ':app:mergeReleaseArtProfile', task ':app:expandReleaseL8ArtProfileWildcards', task ':connectivity_plus:generateReleaseResValues', task ':connectivity_plus:generateReleaseResources', task ':connectivity_plus:packageReleaseResources', task ':connectivity_plus:parseReleaseLocalResources', task ':connectivity_plus:generateReleaseRFile', task ':connectivity_plus:javaPreCompileRelease', task ':connectivity_plus:compileReleaseJavaWithJavac', task ':connectivity_plus:mergeReleaseGeneratedProguardFiles', task ':connectivity_plus:exportReleaseConsumerProguardFiles', task ':firebase_auth:generateReleaseBuildConfig', task ':firebase_auth:generateReleaseResValues', task ':firebase_auth:generateReleaseResources', task ':firebase_auth:packageReleaseResources', task ':firebase_auth:parseReleaseLocalResources', task ':firebase_auth:generateReleaseRFile', task ':firebase_auth:javaPreCompileRelease', task ':firebase_core:generateReleaseBuildConfig', task ':firebase_core:generateReleaseResValues', task ':firebase_core:generateReleaseResources', task ':firebase_core:packageReleaseResources', task ':firebase_core:parseReleaseLocalResources', task ':firebase_core:generateReleaseRFile', task ':firebase_core:javaPreCompileRelease', task ':firebase_core:compileReleaseJavaWithJavac', task ':firebase_core:bundleLibCompileToJarRelease', task ':firebase_auth:compileReleaseJavaWithJavac', task ':firebase_auth:mergeReleaseGeneratedProguardFiles', task ':firebase_auth:exportReleaseConsumerProguardFiles', task ':firebase_database:checkKotlinGradlePluginConfigurationErrors', task ':firebase_database:generateReleaseBuildConfig', task ':firebase_database:generateReleaseResValues', task ':firebase_database:generateReleaseResources', task ':firebase_database:packageReleaseResources', task ':firebase_database:parseReleaseLocalResources', task ':firebase_database:generateReleaseRFile', task ':firebase_database:compileReleaseKotlin', task ':firebase_database:javaPreCompileRelease', task ':firebase_database:compileReleaseJavaWithJavac', task ':firebase_database:mergeReleaseGeneratedProguardFiles', task ':firebase_database:exportReleaseConsumerProguardFiles', task ':firebase_core:mergeReleaseGeneratedProguardFiles', task ':firebase_core:exportReleaseConsumerProguardFiles', task ':flutter_background_service_android:generateReleaseResValues', task ':flutter_background_service_android:generateReleaseResources', task ':flutter_background_service_android:packageReleaseResources', task ':flutter_background_service_android:parseReleaseLocalResources', task ':flutter_background_service_android:generateReleaseRFile', task ':flutter_background_service_android:javaPreCompileRelease', task ':flutter_background_service_android:compileReleaseJavaWithJavac', task ':flutter_background_service_android:mergeReleaseGeneratedProguardFiles', task ':flutter_background_service_android:exportReleaseConsumerProguardFiles', task ':flutter_local_notifications:generateReleaseResValues', task ':flutter_local_notifications:generateReleaseResources', task ':flutter_local_notifications:packageReleaseResources', task ':flutter_local_notifications:parseReleaseLocalResources', task ':flutter_local_notifications:generateReleaseRFile', task ':flutter_local_notifications:javaPreCompileRelease', task ':flutter_local_notifications:compileReleaseJavaWithJavac', task ':flutter_local_notifications:mergeReleaseGeneratedProguardFiles', task ':flutter_local_notifications:exportReleaseConsumerProguardFiles', task ':flutter_plugin_android_lifecycle:generateReleaseResValues', task ':flutter_plugin_android_lifecycle:generateReleaseResources', task ':flutter_plugin_android_lifecycle:packageReleaseResources', task ':flutter_plugin_android_lifecycle:parseReleaseLocalResources', task ':flutter_plugin_android_lifecycle:generateReleaseRFile', task ':flutter_plugin_android_lifecycle:javaPreCompileRelease', task ':flutter_plugin_android_lifecycle:compileReleaseJavaWithJavac', task ':flutter_plugin_android_lifecycle:bundleLibCompileToJarRelease', task ':image_picker_android:generateReleaseResValues', task ':image_picker_android:generateReleaseResources', task ':image_picker_android:packageReleaseResources', task ':image_picker_android:parseReleaseLocalResources', task ':image_picker_android:generateReleaseRFile', task ':image_picker_android:javaPreCompileRelease', task ':image_picker_android:compileReleaseJavaWithJavac', task ':image_picker_android:mergeReleaseGeneratedProguardFiles', task ':image_picker_android:exportReleaseConsumerProguardFiles', task ':flutter_plugin_android_lifecycle:mergeReleaseGeneratedProguardFiles', task ':flutter_plugin_android_lifecycle:exportReleaseConsumerProguardFiles', task ':path_provider_android:generateReleaseResValues', task ':path_provider_android:generateReleaseResources', task ':path_provider_android:packageReleaseResources', task ':path_provider_android:parseReleaseLocalResources', task ':path_provider_android:generateReleaseRFile', task ':path_provider_android:javaPreCompileRelease', task ':path_provider_android:compileReleaseJavaWithJavac', task ':path_provider_android:mergeReleaseGeneratedProguardFiles', task ':path_provider_android:exportReleaseConsumerProguardFiles', task ':permission_handler_android:generateReleaseResValues', task ':permission_handler_android:generateReleaseResources', task ':permission_handler_android:packageReleaseResources', task ':permission_handler_android:parseReleaseLocalResources', task ':permission_handler_android:generateReleaseRFile', task ':permission_handler_android:javaPreCompileRelease', task ':permission_handler_android:compileReleaseJavaWithJavac', task ':permission_handler_android:mergeReleaseGeneratedProguardFiles', task ':permission_handler_android:exportReleaseConsumerProguardFiles', task ':shared_preferences_android:checkKotlinGradlePluginConfigurationErrors', task ':shared_preferences_android:generateReleaseResValues', task ':shared_preferences_android:generateReleaseResources', task ':shared_preferences_android:packageReleaseResources', task ':shared_preferences_android:parseReleaseLocalResources', task ':shared_preferences_android:generateReleaseRFile', task ':shared_preferences_android:compileReleaseKotlin', task ':shared_preferences_android:javaPreCompileRelease', task ':shared_preferences_android:compileReleaseJavaWithJavac', task ':shared_preferences_android:mergeReleaseGeneratedProguardFiles', task ':shared_preferences_android:exportReleaseConsumerProguardFiles', task ':speech_to_text:checkKotlinGradlePluginConfigurationErrors', task ':speech_to_text:generateReleaseResValues', task ':speech_to_text:generateReleaseResources', task ':speech_to_text:packageReleaseResources', task ':speech_to_text:parseReleaseLocalResources', task ':speech_to_text:generateReleaseRFile', task ':speech_to_text:compileReleaseKotlin', task ':speech_to_text:javaPreCompileRelease', task ':speech_to_text:compileReleaseJavaWithJavac', task ':speech_to_text:mergeReleaseGeneratedProguardFiles', task ':speech_to_text:exportReleaseConsumerProguardFiles', task ':sqflite_android:generateReleaseResValues', task ':sqflite_android:generateReleaseResources', task ':sqflite_android:packageReleaseResources', task ':sqflite_android:parseReleaseLocalResources', task ':sqflite_android:generateReleaseRFile', task ':sqflite_android:javaPreCompileRelease', task ':sqflite_android:compileReleaseJavaWithJavac', task ':sqflite_android:mergeReleaseGeneratedProguardFiles', task ':sqflite_android:exportReleaseConsumerProguardFiles', task ':app:buildKotlinToolingMetadata', task ':app:checkReleaseDuplicateClasses', task ':app:checkKotlinGradlePluginConfigurationErrors', task ':connectivity_plus:writeReleaseAarMetadata', task ':firebase_auth:writeReleaseAarMetadata', task ':firebase_core:writeReleaseAarMetadata', task ':firebase_database:writeReleaseAarMetadata', task ':flutter_background_service_android:writeReleaseAarMetadata', task ':flutter_local_notifications:writeReleaseAarMetadata', task ':flutter_plugin_android_lifecycle:writeReleaseAarMetadata', task ':image_picker_android:writeReleaseAarMetadata', task ':path_provider_android:writeReleaseAarMetadata', task ':permission_handler_android:writeReleaseAarMetadata', task ':shared_preferences_android:writeReleaseAarMetadata', task ':speech_to_text:writeReleaseAarMetadata', task ':sqflite_android:writeReleaseAarMetadata', task ':app:checkReleaseAarMetadata', task ':app:cleanMergeReleaseAssets', task ':app:mergeReleaseShaders', task ':app:compileReleaseShaders', task ':app:generateReleaseAssets', task ':connectivity_plus:mergeReleaseShaders', task ':connectivity_plus:compileReleaseShaders', task ':connectivity_plus:generateReleaseAssets', task ':connectivity_plus:mergeReleaseAssets', task ':firebase_auth:mergeReleaseShaders', task ':firebase_auth:compileReleaseShaders', task ':firebase_auth:generateReleaseAssets', task ':firebase_auth:mergeReleaseAssets', task ':firebase_core:mergeReleaseShaders', task ':firebase_core:compileReleaseShaders', task ':firebase_core:generateReleaseAssets', task ':firebase_core:mergeReleaseAssets', task ':firebase_database:mergeReleaseShaders', task ':firebase_database:compileReleaseShaders', task ':firebase_database:generateReleaseAssets', task ':firebase_database:mergeReleaseAssets', task ':flutter_background_service_android:mergeReleaseShaders', task ':flutter_background_service_android:compileReleaseShaders', task ':flutter_background_service_android:generateReleaseAssets', task ':flutter_background_service_android:mergeReleaseAssets', task ':flutter_local_notifications:mergeReleaseShaders', task ':flutter_local_notifications:compileReleaseShaders', task ':flutter_local_notifications:generateReleaseAssets', task ':flutter_local_notifications:mergeReleaseAssets', task ':flutter_plugin_android_lifecycle:mergeReleaseShaders', task ':flutter_plugin_android_lifecycle:compileReleaseShaders', task ':flutter_plugin_android_lifecycle:generateReleaseAssets', task ':flutter_plugin_android_lifecycle:mergeReleaseAssets', task ':image_picker_android:mergeReleaseShaders', task ':image_picker_android:compileReleaseShaders', task ':image_picker_android:generateReleaseAssets', task ':image_picker_android:mergeReleaseAssets', task ':path_provider_android:mergeReleaseShaders', task ':path_provider_android:compileReleaseShaders', task ':path_provider_android:generateReleaseAssets', task ':path_provider_android:mergeReleaseAssets', task ':permission_handler_android:mergeReleaseShaders', task ':permission_handler_android:compileReleaseShaders', task ':permission_handler_android:generateReleaseAssets', task ':permission_handler_android:mergeReleaseAssets', task ':shared_preferences_android:mergeReleaseShaders', task ':shared_preferences_android:compileReleaseShaders', task ':shared_preferences_android:generateReleaseAssets', task ':shared_preferences_android:mergeReleaseAssets', task ':speech_to_text:mergeReleaseShaders', task ':speech_to_text:compileReleaseShaders', task ':speech_to_text:generateReleaseAssets', task ':speech_to_text:mergeReleaseAssets', task ':sqflite_android:mergeReleaseShaders', task ':sqflite_android:compileReleaseShaders', task ':sqflite_android:generateReleaseAssets', task ':sqflite_android:mergeReleaseAssets', task ':app:mergeReleaseAssets', task ':app:copyFlutterAssetsRelease', task ':app:generateReleaseResValues', task ':app:mapReleaseSourceSetPaths', task ':app:generateReleaseResources', task ':app:mergeReleaseResources', task ':app:packageReleaseResources', task ':app:parseReleaseLocalResources', task ':app:createReleaseCompatibleScreenManifests', task ':app:extractDeepLinksRelease', task ':connectivity_plus:extractDeepLinksRelease', task ':connectivity_plus:processReleaseManifest', task ':firebase_auth:extractDeepLinksRelease', task ':firebase_auth:processReleaseManifest', task ':firebase_core:extractDeepLinksRelease', task ':firebase_core:processReleaseManifest', task ':firebase_database:extractDeepLinksRelease', task ':firebase_database:processReleaseManifest', task ':flutter_background_service_android:extractDeepLinksRelease', task ':flutter_background_service_android:processReleaseManifest', task ':flutter_local_notifications:extractDeepLinksRelease', task ':flutter_local_notifications:processReleaseManifest', task ':flutter_plugin_android_lifecycle:extractDeepLinksRelease', task ':flutter_plugin_android_lifecycle:processReleaseManifest', task ':image_picker_android:extractDeepLinksRelease', task ':image_picker_android:processReleaseManifest', task ':path_provider_android:extractDeepLinksRelease', task ':path_provider_android:processReleaseManifest', task ':permission_handler_android:extractDeepLinksRelease', task ':permission_handler_android:processReleaseManifest', task ':shared_preferences_android:extractDeepLinksRelease', task ':shared_preferences_android:processReleaseManifest', task ':speech_to_text:extractDeepLinksRelease', task ':speech_to_text:processReleaseManifest', task ':sqflite_android:extractDeepLinksRelease', task ':sqflite_android:processReleaseManifest', task ':app:processReleaseMainManifest', task ':app:outputReleaseAppLinkSettings', task ':app:processReleaseManifest', task ':app:processReleaseManifestForPackage', task ':app:processReleaseResources', task ':connectivity_plus:bundleLibCompileToJarRelease', task ':firebase_auth:bundleLibCompileToJarRelease', task ':firebase_database:bundleLibCompileToJarRelease', task ':flutter_background_service_android:bundleLibCompileToJarRelease', task ':flutter_local_notifications:bundleLibCompileToJarRelease', task ':image_picker_android:bundleLibCompileToJarRelease', task ':path_provider_android:bundleLibCompileToJarRelease', task ':permission_handler_android:bundleLibCompileToJarRelease', task ':shared_preferences_android:bundleLibCompileToJarRelease', task ':speech_to_text:bundleLibCompileToJarRelease', task ':sqflite_android:bundleLibCompileToJarRelease', task ':app:compileReleaseKotlin', task ':app:javaPreCompileRelease', task ':app:compileReleaseJavaWithJavac', task ':connectivity_plus:bundleLibRuntimeToJarRelease', task ':firebase_auth:bundleLibRuntimeToJarRelease', task ':firebase_core:bundleLibRuntimeToJarRelease', task ':firebase_database:bundleLibRuntimeToJarRelease', task ':flutter_background_service_android:bundleLibRuntimeToJarRelease', task ':flutter_local_notifications:bundleLibRuntimeToJarRelease', task ':flutter_plugin_android_lifecycle:bundleLibRuntimeToJarRelease', task ':image_picker_android:bundleLibRuntimeToJarRelease', task ':path_provider_android:bundleLibRuntimeToJarRelease', task ':permission_handler_android:bundleLibRuntimeToJarRelease', task ':shared_preferences_android:bundleLibRuntimeToJarRelease', task ':speech_to_text:bundleLibRuntimeToJarRelease', task ':sqflite_android:bundleLibRuntimeToJarRelease', task ':app:expandReleaseArtProfileWildcards', task ':app:extractProguardFiles', task ':app:mergeReleaseGeneratedProguardFiles', task ':app:processReleaseJavaRes', task ':connectivity_plus:processReleaseJavaRes', task ':firebase_auth:processReleaseJavaRes', task ':firebase_core:processReleaseJavaRes', task ':firebase_database:processReleaseJavaRes', task ':flutter_background_service_android:processReleaseJavaRes', task ':flutter_local_notifications:processReleaseJavaRes', task ':flutter_plugin_android_lifecycle:processReleaseJavaRes', task ':image_picker_android:processReleaseJavaRes', task ':path_provider_android:processReleaseJavaRes', task ':permission_handler_android:processReleaseJavaRes', task ':shared_preferences_android:processReleaseJavaRes', task ':speech_to_text:processReleaseJavaRes', task ':sqflite_android:processReleaseJavaRes', task ':app:mergeReleaseJavaResource', task ':app:mergeReleaseStartupProfile', task ':app:minifyReleaseWithR8', task ':app:l8DexDesugarLibRelease', task ':app:compileReleaseArtProfile', task ':app:compressReleaseAssets', task ':app:extractReleaseVersionControlInfo', task ':connectivity_plus:createFullJarRelease', task ':connectivity_plus:extractProguardFiles', task ':connectivity_plus:generateReleaseLintModel', task ':connectivity_plus:prepareLintJarForPublish', task ':firebase_auth:createFullJarRelease', task ':firebase_auth:extractProguardFiles', task ':firebase_core:createFullJarRelease', task ':firebase_core:extractProguardFiles', task ':firebase_core:generateReleaseLintModel', task ':firebase_core:prepareLintJarForPublish', task ':firebase_auth:generateReleaseLintModel', task ':firebase_auth:prepareLintJarForPublish', task ':firebase_database:createFullJarRelease', task ':firebase_database:extractProguardFiles', task ':firebase_database:generateReleaseLintModel', task ':firebase_database:prepareLintJarForPublish', task ':flutter_background_service_android:createFullJarRelease', task ':flutter_background_service_android:extractProguardFiles', task ':flutter_background_service_android:generateReleaseLintModel', task ':flutter_background_service_android:prepareLintJarForPublish', task ':flutter_local_notifications:createFullJarRelease', task ':flutter_local_notifications:extractProguardFiles', task ':flutter_local_notifications:generateReleaseLintModel', task ':flutter_local_notifications:prepareLintJarForPublish', task ':flutter_plugin_android_lifecycle:createFullJarRelease', task ':flutter_plugin_android_lifecycle:extractProguardFiles', task ':flutter_plugin_android_lifecycle:generateReleaseLintModel', task ':flutter_plugin_android_lifecycle:prepareLintJarForPublish', task ':image_picker_android:createFullJarRelease', task ':image_picker_android:extractProguardFiles', task ':image_picker_android:generateReleaseLintModel', task ':image_picker_android:prepareLintJarForPublish', task ':path_provider_android:createFullJarRelease', task ':path_provider_android:extractProguardFiles', task ':path_provider_android:generateReleaseLintModel', task ':path_provider_android:prepareLintJarForPublish', task ':permission_handler_android:createFullJarRelease', task ':permission_handler_android:extractProguardFiles', task ':permission_handler_android:generateReleaseLintModel', task ':permission_handler_android:prepareLintJarForPublish', task ':shared_preferences_android:createFullJarRelease', task ':shared_preferences_android:extractProguardFiles', task ':shared_preferences_android:generateReleaseLintModel', task ':shared_preferences_android:prepareLintJarForPublish', task ':speech_to_text:createFullJarRelease', task ':speech_to_text:extractProguardFiles', task ':speech_to_text:generateReleaseLintModel', task ':speech_to_text:prepareLintJarForPublish', task ':sqflite_android:createFullJarRelease', task ':sqflite_android:extractProguardFiles', task ':sqflite_android:generateReleaseLintModel', task ':sqflite_android:prepareLintJarForPublish', task ':app:generateReleaseLintVitalReportModel', task ':connectivity_plus:stripReleaseDebugSymbols', task ':connectivity_plus:copyReleaseJniLibsProjectAndLocalJars', task ':connectivity_plus:extractDeepLinksForAarRelease', task ':connectivity_plus:extractReleaseAnnotations', task ':connectivity_plus:mergeReleaseConsumerProguardFiles', task ':connectivity_plus:mergeReleaseJavaResource', task ':connectivity_plus:syncReleaseLibJars', task ':connectivity_plus:bundleReleaseLocalLintAar', task ':firebase_auth:stripReleaseDebugSymbols', task ':firebase_auth:copyReleaseJniLibsProjectAndLocalJars', task ':firebase_auth:extractDeepLinksForAarRelease', task ':firebase_auth:extractReleaseAnnotations', task ':firebase_auth:mergeReleaseConsumerProguardFiles', task ':firebase_auth:mergeReleaseJavaResource', task ':firebase_auth:syncReleaseLibJars', task ':firebase_auth:bundleReleaseLocalLintAar', task ':firebase_database:stripReleaseDebugSymbols', task ':firebase_database:copyReleaseJniLibsProjectAndLocalJars', task ':firebase_database:extractDeepLinksForAarRelease', task ':firebase_database:extractReleaseAnnotations', task ':firebase_database:mergeReleaseConsumerProguardFiles', task ':firebase_database:mergeReleaseJavaResource', task ':firebase_database:syncReleaseLibJars', task ':firebase_database:bundleReleaseLocalLintAar', task ':firebase_core:stripReleaseDebugSymbols', task ':firebase_core:copyReleaseJniLibsProjectAndLocalJars', task ':firebase_core:extractDeepLinksForAarRelease', task ':firebase_core:extractReleaseAnnotations', task ':firebase_core:mergeReleaseConsumerProguardFiles', task ':firebase_core:mergeReleaseJavaResource', task ':firebase_core:syncReleaseLibJars', task ':firebase_core:bundleReleaseLocalLintAar', task ':flutter_background_service_android:stripReleaseDebugSymbols', task ':flutter_background_service_android:copyReleaseJniLibsProjectAndLocalJars', task ':flutter_background_service_android:extractDeepLinksForAarRelease', task ':flutter_background_service_android:extractReleaseAnnotations', task ':flutter_background_service_android:mergeReleaseConsumerProguardFiles', task ':flutter_background_service_android:mergeReleaseJavaResource', task ':flutter_background_service_android:syncReleaseLibJars', task ':flutter_background_service_android:bundleReleaseLocalLintAar', task ':flutter_local_notifications:stripReleaseDebugSymbols', task ':flutter_local_notifications:copyReleaseJniLibsProjectAndLocalJars', task ':flutter_local_notifications:extractDeepLinksForAarRelease', task ':flutter_local_notifications:extractReleaseAnnotations', task ':flutter_local_notifications:mergeReleaseConsumerProguardFiles', task ':flutter_local_notifications:mergeReleaseJavaResource', task ':flutter_local_notifications:syncReleaseLibJars', task ':flutter_local_notifications:bundleReleaseLocalLintAar', task ':image_picker_android:stripReleaseDebugSymbols', task ':image_picker_android:copyReleaseJniLibsProjectAndLocalJars', task ':image_picker_android:extractDeepLinksForAarRelease', task ':image_picker_android:extractReleaseAnnotations', task ':image_picker_android:mergeReleaseConsumerProguardFiles', task ':image_picker_android:mergeReleaseJavaResource', task ':image_picker_android:syncReleaseLibJars', task ':image_picker_android:bundleReleaseLocalLintAar', task ':flutter_plugin_android_lifecycle:stripReleaseDebugSymbols', task ':flutter_plugin_android_lifecycle:copyReleaseJniLibsProjectAndLocalJars', task ':flutter_plugin_android_lifecycle:extractDeepLinksForAarRelease', task ':flutter_plugin_android_lifecycle:extractReleaseAnnotations', task ':flutter_plugin_android_lifecycle:mergeReleaseConsumerProguardFiles', task ':flutter_plugin_android_lifecycle:mergeReleaseJavaResource', task ':flutter_plugin_android_lifecycle:syncReleaseLibJars', task ':flutter_plugin_android_lifecycle:bundleReleaseLocalLintAar', task ':path_provider_android:stripReleaseDebugSymbols', task ':path_provider_android:copyReleaseJniLibsProjectAndLocalJars', task ':path_provider_android:extractDeepLinksForAarRelease', task ':path_provider_android:extractReleaseAnnotations', task ':path_provider_android:mergeReleaseConsumerProguardFiles', task ':path_provider_android:mergeReleaseJavaResource', task ':path_provider_android:syncReleaseLibJars', task ':path_provider_android:bundleReleaseLocalLintAar', task ':permission_handler_android:stripReleaseDebugSymbols', task ':permission_handler_android:copyReleaseJniLibsProjectAndLocalJars', task ':permission_handler_android:extractDeepLinksForAarRelease', task ':permission_handler_android:extractReleaseAnnotations', task ':permission_handler_android:mergeReleaseConsumerProguardFiles', task ':permission_handler_android:mergeReleaseJavaResource', task ':permission_handler_android:syncReleaseLibJars', task ':permission_handler_android:bundleReleaseLocalLintAar', task ':shared_preferences_android:stripReleaseDebugSymbols', task ':shared_preferences_android:copyReleaseJniLibsProjectAndLocalJars', task ':shared_preferences_android:extractDeepLinksForAarRelease', task ':shared_preferences_android:extractReleaseAnnotations', task ':shared_preferences_android:mergeReleaseConsumerProguardFiles', task ':shared_preferences_android:mergeReleaseJavaResource', task ':shared_preferences_android:syncReleaseLibJars', task ':shared_preferences_android:bundleReleaseLocalLintAar', task ':speech_to_text:stripReleaseDebugSymbols', task ':speech_to_text:copyReleaseJniLibsProjectAndLocalJars', task ':speech_to_text:extractDeepLinksForAarRelease', task ':speech_to_text:extractReleaseAnnotations', task ':speech_to_text:mergeReleaseConsumerProguardFiles', task ':speech_to_text:mergeReleaseJavaResource', task ':speech_to_text:syncReleaseLibJars', task ':speech_to_text:bundleReleaseLocalLintAar', task ':sqflite_android:stripReleaseDebugSymbols', task ':sqflite_android:copyReleaseJniLibsProjectAndLocalJars', task ':sqflite_android:extractDeepLinksForAarRelease', task ':sqflite_android:extractReleaseAnnotations', task ':sqflite_android:mergeReleaseConsumerProguardFiles', task ':sqflite_android:mergeReleaseJavaResource', task ':sqflite_android:syncReleaseLibJars', task ':sqflite_android:bundleReleaseLocalLintAar', task ':connectivity_plus:lintVitalAnalyzeRelease', task ':connectivity_plus:writeReleaseLintModelMetadata', task ':firebase_core:writeReleaseLintModelMetadata', task ':firebase_auth:lintVitalAnalyzeRelease', task ':firebase_auth:writeReleaseLintModelMetadata', task ':firebase_core:lintVitalAnalyzeRelease', task ':firebase_database:lintVitalAnalyzeRelease', task ':firebase_database:writeReleaseLintModelMetadata', task ':flutter_background_service_android:lintVitalAnalyzeRelease', task ':flutter_background_service_android:writeReleaseLintModelMetadata', task ':flutter_local_notifications:lintVitalAnalyzeRelease', task ':flutter_local_notifications:writeReleaseLintModelMetadata', task ':flutter_plugin_android_lifecycle:lintVitalAnalyzeRelease', task ':flutter_plugin_android_lifecycle:writeReleaseLintModelMetadata', task ':image_picker_android:lintVitalAnalyzeRelease', task ':image_picker_android:writeReleaseLintModelMetadata', task ':path_provider_android:lintVitalAnalyzeRelease', task ':path_provider_android:writeReleaseLintModelMetadata', task ':permission_handler_android:lintVitalAnalyzeRelease', task ':permission_handler_android:writeReleaseLintModelMetadata', task ':shared_preferences_android:lintVitalAnalyzeRelease', task ':shared_preferences_android:writeReleaseLintModelMetadata', task ':speech_to_text:lintVitalAnalyzeRelease', task ':speech_to_text:writeReleaseLintModelMetadata', task ':sqflite_android:lintVitalAnalyzeRelease', task ':sqflite_android:writeReleaseLintModelMetadata', task ':app:lintVitalAnalyzeRelease', task ':connectivity_plus:generateReleaseLintVitalModel', task ':firebase_auth:generateReleaseLintVitalModel', task ':firebase_core:generateReleaseLintVitalModel', task ':firebase_database:generateReleaseLintVitalModel', task ':flutter_background_service_android:generateReleaseLintVitalModel', task ':flutter_local_notifications:generateReleaseLintVitalModel', task ':flutter_plugin_android_lifecycle:generateReleaseLintVitalModel', task ':image_picker_android:generateReleaseLintVitalModel', task ':path_provider_android:generateReleaseLintVitalModel', task ':permission_handler_android:generateReleaseLintVitalModel', task ':shared_preferences_android:generateReleaseLintVitalModel', task ':speech_to_text:generateReleaseLintVitalModel', task ':sqflite_android:generateReleaseLintVitalModel', task ':app:lintVitalReportRelease', task ':app:lintVitalRelease', task ':app:convertShrunkResourcesToBinaryRelease', task ':app:optimizeReleaseResources', task ':app:collectReleaseDependencies', task ':app:sdkReleaseDependencyData', task ':app:validateSigningRelease', task ':app:writeReleaseAppMetadata', task ':app:writeReleaseSigningConfigVersions', task ':app:packageRelease', task ':app:createReleaseApkListingFileRedirect', task ':app:assembleRelease', task ':connectivity_plus:bundleReleaseAar', task ':connectivity_plus:mapReleaseSourceSetPaths', task ':connectivity_plus:mergeReleaseResources', task ':connectivity_plus:verifyReleaseResources', task ':connectivity_plus:assembleRelease', task ':firebase_auth:bundleReleaseAar', task ':firebase_auth:mapReleaseSourceSetPaths', task ':firebase_auth:mergeReleaseResources', task ':firebase_core:compileReleaseLibraryResources', task ':firebase_auth:verifyReleaseResources', task ':firebase_auth:assembleRelease', task ':firebase_core:bundleReleaseAar', task ':firebase_core:mapReleaseSourceSetPaths', task ':firebase_core:mergeReleaseResources', task ':firebase_core:verifyReleaseResources', task ':firebase_core:assembleRelease', task ':firebase_database:bundleReleaseAar', task ':firebase_database:mapReleaseSourceSetPaths', task ':firebase_database:mergeReleaseResources', task ':firebase_database:verifyReleaseResources', task ':firebase_database:assembleRelease', task ':flutter_background_service_android:bundleReleaseAar', task ':flutter_background_service_android:mapReleaseSourceSetPaths', task ':flutter_background_service_android:mergeReleaseResources', task ':flutter_background_service_android:verifyReleaseResources', task ':flutter_background_service_android:assembleRelease', task ':flutter_local_notifications:bundleReleaseAar', task ':flutter_local_notifications:mapReleaseSourceSetPaths', task ':flutter_local_notifications:mergeReleaseResources', task ':flutter_local_notifications:verifyReleaseResources', task ':flutter_local_notifications:assembleRelease', task ':flutter_plugin_android_lifecycle:bundleReleaseAar', task ':flutter_plugin_android_lifecycle:mapReleaseSourceSetPaths', task ':flutter_plugin_android_lifecycle:mergeReleaseResources', task ':flutter_plugin_android_lifecycle:verifyReleaseResources', task ':flutter_plugin_android_lifecycle:assembleRelease', task ':image_picker_android:bundleReleaseAar', task ':flutter_plugin_android_lifecycle:compileReleaseLibraryResources', task ':image_picker_android:mapReleaseSourceSetPaths', task ':image_picker_android:mergeReleaseResources', task ':image_picker_android:verifyReleaseResources', task ':image_picker_android:assembleRelease', task ':path_provider_android:bundleReleaseAar', task ':path_provider_android:mapReleaseSourceSetPaths', task ':path_provider_android:mergeReleaseResources', task ':path_provider_android:verifyReleaseResources', task ':path_provider_android:assembleRelease', task ':permission_handler_android:bundleReleaseAar', task ':permission_handler_android:mapReleaseSourceSetPaths', task ':permission_handler_android:mergeReleaseResources', task ':permission_handler_android:verifyReleaseResources', task ':permission_handler_android:assembleRelease', task ':shared_preferences_android:bundleReleaseAar', task ':shared_preferences_android:mapReleaseSourceSetPaths', task ':shared_preferences_android:mergeReleaseResources', task ':shared_preferences_android:verifyReleaseResources', task ':shared_preferences_android:assembleRelease', task ':speech_to_text:bundleReleaseAar', task ':speech_to_text:mapReleaseSourceSetPaths', task ':speech_to_text:mergeReleaseResources', task ':speech_to_text:verifyReleaseResources', task ':speech_to_text:assembleRelease', task ':sqflite_android:bundleReleaseAar', task ':sqflite_android:mapReleaseSourceSetPaths', task ':sqflite_android:mergeReleaseResources', task ':sqflite_android:verifyReleaseResources', task ':sqflite_android:assembleRelease']
[   +1 ms] Tasks that were excluded: []
[        ] work action Parameters of FilterShrinkerRulesTransform (Thread[#1282,included builds,5,main]) started.
[        ] work action Parameters of ExtractAarTransform (Thread[#1282,included builds,5,main]) started.
[        ] work action Parameters of ExtractAarTransform (Thread[#1282,included builds,5,main]) started.
[        ] work action Parameters of ExtractAarTransform (Thread[#1282,included builds,5,main]) started.
[        ] work action Parameters of ExtractAarTransform (Thread[#1283,Execution worker,5,main]) started.
[        ] Resolve mutations for :app:ReleaseMinSdkCheck (Thread[#1283,Execution worker,5,main]) started.
[        ] :app:ReleaseMinSdkCheck (Thread[#1289,Execution worker Thread 7,5,main]) started.
[        ] > Task :app:ReleaseMinSdkCheck
[        ] Caching disabled for task ':app:ReleaseMinSdkCheck' because:
[        ]   Build cache is disabled
[        ] Task ':app:ReleaseMinSdkCheck' is not up-to-date because:
[        ]   Task has not declared any outputs despite executing actions.
[        ] Resolve mutations for :app:compileFlutterBuildRelease (Thread[#1283,Execution worker,5,main]) started.
[        ] :app:compileFlutterBuildRelease (Thread[#1289,Execution worker Thread 7,5,main]) started.
[+1994 ms] > Task :app:compileFlutterBuildRelease
[        ] Caching disabled for task ':app:compileFlutterBuildRelease' because:
[        ]   Build cache is disabled
[        ]   Caching has not been enabled for the task
[        ] Task ':app:compileFlutterBuildRelease' is not up-to-date because:
[        ]   Task has failed previously.
[        ] Starting process 'command 'C:\flutter\bin\flutter.bat''. Working directory: C:\Users\ASUS\Desktop\SmartHomeAutomationv2.1\mobile_app Command: C:\flutter\bin\flutter.bat --verbose assemble --no-version-check --depfile C:\Users\ASUS\Desktop\SmartHomeAutomationv2.1\mobile_app\build\app\intermediates\flutter\release/flutter_build.d --output C:\Users\ASUS\Desktop\SmartHomeAutomationv2.1\mobile_app\build\app\intermediates\flutter\release -dTargetFile=lib\main.dart -dTargetPlatform=android -dBuildMode=release -dTrackWidgetCreation=true -dTreeShakeIcons=true --DartDefines=RkxVVFRFUl9WRVJTSU9OPTMuMzguMw==,RkxVVFRFUl9DSEFOTkVMPXN0YWJsZQ==,RkxVVFRFUl9HSVRfVVJMPWh0dHBzOi8vZ2l0aHViLmNvbS9mbHV0dGVyL2ZsdXR0ZXIuZ2l0,RkxVVFRFUl9GUkFNRVdPUktfUkVWSVNJT049MTkwNzRkMTJmNw==,RkxVVFRFUl9FTkdJTkVfUkVWSVNJT049MTNlNjU4NzI1ZA==,RkxVVFRFUl9EQVJUX1ZFUlNJT049My4xMC4x -dFlavor= -dAndroidArchs=android-arm android-arm64 android-x64 -dMinSdkVersion=24 android_aot_bundle_release_android-arm android_aot_bundle_release_android-arm64 android_aot_bundle_release_android-x64
[        ] Successfully started process 'command 'C:\flutter\bin\flutter.bat''
[        ] [ +249 ms] Artifact Instance of 'MaterialFonts' is not required, skipping update.
[        ] [   +1 ms] Artifact Instance of 'GradleWrapper' is not required, skipping update.
[        ] [        ] Artifact Instance of 'AndroidGenSnapshotArtifacts' is not required, skipping update.
[        ] [        ] Artifact Instance of 'AndroidInternalBuildArtifacts' is not required, skipping update.
[        ] [        ] Artifact Instance of 'IOSEngineArtifacts' is not required, skipping update.
[        ] [        ] Artifact Instance of 'FlutterWebSdk' is not required, skipping update.
[        ] [   +2 ms] Artifact Instance of 'LegacyCanvasKitRemover' is not required, skipping update.
[        ] [        ] Artifact Instance of 'FlutterSdk' is not required, skipping update.
[        ] [        ] Artifact Instance of 'WindowsEngineArtifacts' is not required, skipping update.
[        ] [        ] Artifact Instance of 'MacOSEngineArtifacts' is not required, skipping update.
[        ] [        ] Artifact Instance of 'LinuxEngineArtifacts' is not required, skipping update.
[        ] [        ] Artifact Instance of 'LinuxFuchsiaSDKArtifacts' is not required, skipping update.
[        ] [        ] Artifact Instance of 'MacOSFuchsiaSDKArtifacts' is not required, skipping update.
[        ] [        ] Artifact Instance of 'FlutterRunnerSDKArtifacts' is not required, skipping update.
[        ] [        ] Artifact Instance of 'FlutterRunnerDebugSymbols' is not required, skipping update.
[        ] [        ] Artifact Instance of 'IosUsbArtifacts' is not required, skipping update.
[        ] [        ] Artifact Instance of 'IosUsbArtifacts' is not required, skipping update.
[        ] [        ] Artifact Instance of 'IosUsbArtifacts' is not required, skipping update.
[        ] [        ] Artifact Instance of 'IosUsbArtifacts' is not required, skipping update.
[        ] [        ] Artifact Instance of 'IosUsbArtifacts' is not required, skipping update.
[        ] [        ] Artifact Instance of 'IosUsbArtifacts' is not required, skipping update.
[        ] [        ] Artifact Instance of 'FontSubsetArtifacts' is not required, skipping update.
[        ] [        ] Artifact Instance of 'PubDependencies' is not required, skipping update.
[        ] [  +19 ms] Artifact Instance of 'AndroidGenSnapshotArtifacts' is not required, skipping update.
[        ] [        ] Artifact Instance of 'AndroidInternalBuildArtifacts' is not required, skipping update.
[        ] [        ] Artifact Instance of 'IOSEngineArtifacts' is not required, skipping update.
[        ] [        ] Artifact Instance of 'FlutterWebSdk' is not required, skipping update.
[        ] [        ] Artifact Instance of 'FlutterEngineStamp' is not required, skipping update.
[        ] [        ] Artifact Instance of 'LegacyCanvasKitRemover' is not required, skipping update.
[        ] [   +3 ms] Artifact Instance of 'WindowsEngineArtifacts' is not required, skipping update.
[        ] [        ] Artifact Instance of 'MacOSEngineArtifacts' is not required, skipping update.
[        ] [        ] Artifact Instance of 'LinuxEngineArtifacts' is not required, skipping update.
[        ] [        ] Artifact Instance of 'LinuxFuchsiaSDKArtifacts' is not required, skipping update.
[        ] [        ] Artifact Instance of 'MacOSFuchsiaSDKArtifacts' is not required, skipping update.
[        ] [        ] Artifact Instance of 'FlutterRunnerSDKArtifacts' is not required, skipping update.
[        ] [        ] Artifact Instance of 'FlutterRunnerDebugSymbols' is not required, skipping update.
[        ] [  +81 ms] Artifact Instance of 'MaterialFonts' is not required, skipping update.
[        ] [        ] Artifact Instance of 'GradleWrapper' is not required, skipping update.
[        ] [   +1 ms] Artifact Instance of 'AndroidInternalBuildArtifacts' is not required, skipping update.
[        ] [        ] Artifact Instance of 'IOSEngineArtifacts' is not required, skipping update.
[        ] [        ] Artifact Instance of 'FlutterWebSdk' is not required, skipping update.
[        ] [        ] Artifact Instance of 'FlutterEngineStamp' is not required, skipping update.
[        ] [        ] Artifact Instance of 'LegacyCanvasKitRemover' is not required, skipping update.
[        ] [        ] Artifact Instance of 'FlutterSdk' is not required, skipping update.
[        ] [        ] Artifact Instance of 'WindowsEngineArtifacts' is not required, skipping update.
[        ] [        ] Artifact Instance of 'MacOSEngineArtifacts' is not required, skipping update.
[        ] [        ] Artifact Instance of 'LinuxEngineArtifacts' is not required, skipping update.
[        ] [        ] Artifact Instance of 'LinuxFuchsiaSDKArtifacts' is not required, skipping update.
[        ] [        ] Artifact Instance of 'MacOSFuchsiaSDKArtifacts' is not required, skipping update.
[        ] [        ] Artifact Instance of 'FlutterRunnerSDKArtifacts' is not required, skipping update.
[        ] [        ] Artifact Instance of 'FlutterRunnerDebugSymbols' is not required, skipping update.
[        ] [        ] Artifact Instance of 'IosUsbArtifacts' is not required, skipping update.
[        ] [        ] Artifact Instance of 'IosUsbArtifacts' is not required, skipping update.
[        ] [        ] Artifact Instance of 'IosUsbArtifacts' is not required, skipping update.
[        ] [        ] Artifact Instance of 'IosUsbArtifacts' is not required, skipping update.
[        ] [        ] Artifact Instance of 'IosUsbArtifacts' is not required, skipping update.
[        ] [        ] Artifact Instance of 'IosUsbArtifacts' is not required, skipping update.
[        ] [        ] Artifact Instance of 'FontSubsetArtifacts' is not required, skipping update.
[        ] [        ] Artifact Instance of 'PubDependencies' is not required, skipping update.
[        ] [  +72 ms] Initializing file store
[        ] [  +38 ms] Done initializing file store
[        ] [ +297 ms] Skipping target: gen_dart_plugin_registrant
[        ] [   +2 ms] Skipping target: dart_build
[        ] [        ] Skipping target: gen_localizations
[        ] [   +3 ms] Skipping target: install_code_assets
[ +585 ms] [ +904 ms] Skipping target: kernel_snapshot_program
[ +105 ms] [  +69 ms] Skipping target: android_aot_release_android-arm
[  +95 ms] [  +37 ms] Skipping target: android_aot_release_android-arm64
[        ] [  +45 ms] Skipping target: android_aot_release_android-x64
[        ] [   +1 ms] aot_android_asset_bundle: Starting due to {}
[ +402 ms] [ +380 ms] Manifest contained wildcard assets. Inserting missing file into build graph to force rerun. for more information see #56466.
[        ] [  +37 ms] shaderc command: [C:\flutter\bin\cache\artifacts\engine\windows-x64\impellerc.exe, --sksl, --runtime-stage-gles, --runtime-stage-gles3, --runtime-stage-vulkan, --iplr, --sl=C:\Users\ASUS\Desktop\SmartHomeAutomationv2.1\mobile_app\build\app\intermediates\flutter\release\flutter_assets\shaders/ink_sparkle.frag, --spirv=C:\Users\ASUS\Desktop\SmartHomeAutomationv2.1\mobile_app\build\app\intermediates\flutter\release\flutter_assets\shaders/ink_sparkle.frag.spirv, --input=C:\flutter\packages\flutter\lib\src\material\shaders\ink_sparkle.frag, --input-type=frag, --include=C:\flutter\packages\flutter\lib\src\material\shaders, --include=C:\flutter\bin\cache\artifacts\engine\windows-x64\shader_lib]
[        ] [   +4 ms] shaderc command: [C:\flutter\bin\cache\artifacts\engine\windows-x64\impellerc.exe, --sksl, --runtime-stage-gles, --runtime-stage-gles3, --runtime-stage-vulkan, --iplr, --sl=C:\Users\ASUS\Desktop\SmartHomeAutomationv2.1\mobile_app\build\app\intermediates\flutter\release\flutter_assets\shaders/stretch_effect.frag, --spirv=C:\Users\ASUS\Desktop\SmartHomeAutomationv2.1\mobile_app\build\app\intermediates\flutter\release\flutter_assets\shaders/stretch_effect.frag.spirv, --input=C:\flutter\packages\flutter\lib\src\material\shaders\stretch_effect.frag, --input-type=frag, --include=C:\flutter\packages\flutter\lib\src\material\shaders, --include=C:\flutter\bin\cache\artifacts\engine\windows-x64\shader_lib]
[  +97 ms] [  +83 ms] Running command: C:\flutter\bin\cache\dart-sdk\bin\dart.exe C:\flutter\bin\cache\artifacts\engine\windows-x64\const_finder.dart.snapshot --kernel-file C:\Users\ASUS\Desktop\SmartHomeAutomationv2.1\mobile_app\.dart_tool\flutter_build\2b51b0126ec18ea2e29144cb112489bd\app.dill --class-library-uri package:flutter/src/widgets/icon_data.dart --class-name IconData --annotation-class-name _StaticIconProvider --annotation-class-library-uri package:flutter/src/widgets/icon_data.dart
flutter : [+1399 ms] 
[+1440 ms] This 
application cannot 
tree shake icons 
fonts. It has 
non-constant 
instances of 
IconData at the 
following locations:
At line:1 char:1
+ flutter build apk 
--release --verbose 
> build_verbose.txt 
2>&1
+ ~~~~~~~~~~~~~~~~~~~
~~~~~~~~~~~~~~~~~~~~~
~~~~~~~~~~~~~~~~~~~~~
~
    + CategoryInfo   
           : NotSpe  
  cified: ([+1399    
 ms] [+14...wing     
locations::Strin    
g) [], RemoteExc    
eption
    + FullyQualified 
   ErrorId : Native  
  CommandError
 
[        ] [   +1 
ms]   - file:///C:/Us
ers/ASUS/Desktop/Smar
tHomeAutomationv2.1/m
obile_app/lib/screens
/automation_screen.da
rt:73:21
[ +101 ms] [   +2 ms] Persisting file store
[        ] [  +19 ms] Done persisting file store
[        ] [  +32 
ms] Target aot_androi
d_asset_bundle 
failed: Error: Avoid 
non-constant 
invocations of 
IconData or try to 
build again with --no
-tree-shake-icons.
[        ]           
 #0      
throwToolExit (packag
e:flutter_tools/src/b
ase/common.dart:34:3)
[        ]           
 #1      IconTreeShak
er._findConstants (pa
ckage:flutter_tools/s
rc/build_system/targe
ts/icon_tree_shaker.d
art:327:7)
[        ]           
 <asynchronous 
suspension>
[        ]           
 #2      IconTreeShak
er._getIconData (pack
age:flutter_tools/src
/build_system/targets
/icon_tree_shaker.dar
t:113:45)
[        ]           
 <asynchronous 
suspension>
[        ]           
 #3      IconTreeShak
er.subsetFont (packag
e:flutter_tools/src/b
uild_system/targets/i
con_tree_shaker.dart:
181:5)
[        ]           
 <asynchronous 
suspension>
[        ]           
 #4      copyAssets.<
anonymous closure> (p
ackage:flutter_tools/
src/build_system/targ
ets/assets.dart:151:2
5)
[        ]           
 <asynchronous 
suspension>
[        ]           
 #5      Future.wait.
<anonymous closure> (
dart:async/future.dar
t:546:21)
[        ]           
 <asynchronous 
suspension>
[        ]           
 #6      copyAssets (
package:flutter_tools
/src/build_system/tar
gets/assets.dart:111:
3)
[        ]           
 <asynchronous 
suspension>
[        ]           
 #7      AndroidAsset
Bundle.build (package
:flutter_tools/src/bu
ild_system/targets/an
droid.dart:75:34)
[        ]           
 <asynchronous 
suspension>
[        ]           
 #8      _BuildInstan
ce._invokeInternal (p
ackage:flutter_tools/
src/build_system/buil
d_system.dart:873:9)
[        ]           
 <asynchronous 
suspension>
[        ]           
 #9      Future.wait.
<anonymous closure> (
dart:async/future.dar
t:546:21)
[        ]           
 <asynchronous 
suspension>
[        ]           
 #10     _BuildInstan
ce.invokeTarget (pack
age:flutter_tools/src
/build_system/build_s
ystem.dart:811:32)
[        ]           
 <asynchronous 
suspension>
[        ]           
 #11     Future.wait.
<anonymous closure> (
dart:async/future.dar
t:546:21)
[        ]           
 <asynchronous 
suspension>
[        ]           
 #12     _BuildInstan
ce.invokeTarget (pack
age:flutter_tools/src
/build_system/build_s
ystem.dart:811:32)
[        ]           
 <asynchronous 
suspension>
[        ]           
 #13     FlutterBuild
System.build (package
:flutter_tools/src/bu
ild_system/build_syst
em.dart:631:16)
[        ]           
 <asynchronous 
suspension>
[        ]           
 #14     AssembleComm
and.runCommand (packa
ge:flutter_tools/src/
commands/assemble.dar
t:361:32)
[        ]           
 <asynchronous 
suspension>
[        ]           
 #15     FlutterComma
nd.run.<anonymous 
closure> (package:flu
tter_tools/src/runner
/flutter_command.dart
:1559:27)
[        ]           
 <asynchronous 
suspension>
[        ]           
 #16     AppContext.r
un.<anonymous 
closure> (package:flu
tter_tools/src/base/c
ontext.dart:154:19)
[        ]           
 <asynchronous 
suspension>
[        ]           
 #17     CommandRunne
r.runCommand (package
:args/command_runner.
dart:212:13)
[        ]           
 <asynchronous 
suspension>
[        ]           
 #18     FlutterComma
ndRunner.runCommand.<
anonymous closure> (p
ackage:flutter_tools/
src/runner/flutter_co
mmand_runner.dart:487
:9)
[        ]           
 <asynchronous 
suspension>
[        ]           
 #19     AppContext.r
un.<anonymous 
closure> (package:flu
tter_tools/src/base/c
ontext.dart:154:19)
[        ]           
 <asynchronous 
suspension>
[        ]           
 #20     FlutterComma
ndRunner.runCommand (
package:flutter_tools
/src/runner/flutter_c
ommand_runner.dart:42
2:5)
[        ]           
 <asynchronous 
suspension>
[        ]           
 #21     
run.<anonymous 
closure>.<anonymous 
closure> (package:flu
tter_tools/runner.dar
t:104:11)
[        ]           
 <asynchronous 
suspension>
[        ] [   +3 ms] "flutter assemble" took 3,584ms.
[        ]           
 #22     AppContext.r
un.<anonymous 
closure> (package:flu
tter_tools/src/base/c
ontext.dart:154:19)
[        ]           
 <asynchronous 
suspension>
[        ]           
 #23     main (packag
e:flutter_tools/execu
table.dart:103:3)
[        ]           
 <asynchronous 
suspension>
[  +89 ms] [ +130 
ms] 
[        ]           
 #0      
throwToolExit (packag
e:flutter_tools/src/b
ase/common.dart:34:3)
[        ]           
 #1      AssembleComm
and.runCommand (packa
ge:flutter_tools/src/
commands/assemble.dar
t:379:7)
[        ]           
 <asynchronous 
suspension>
[        ]           
 #2      FlutterComma
nd.run.<anonymous 
closure> (package:flu
tter_tools/src/runner
/flutter_command.dart
:1559:27)
[        ]           
 <asynchronous 
suspension>
[        ]           
 #3      AppContext.r
un.<anonymous 
closure> (package:flu
tter_tools/src/base/c
ontext.dart:154:19)
[        ]           
 <asynchronous 
suspension>
[        ]           
 #4      CommandRunne
r.runCommand (package
:args/command_runner.
dart:212:13)
[        ]           
 <asynchronous 
suspension>
[        ]           
 #5      FlutterComma
ndRunner.runCommand.<
anonymous closure> (p
ackage:flutter_tools/
src/runner/flutter_co
mmand_runner.dart:487
:9)
[        ]           
 <asynchronous 
suspension>
[        ]           
 #6      AppContext.r
un.<anonymous 
closure> (package:flu
tter_tools/src/base/c
ontext.dart:154:19)
[        ]           
 <asynchronous 
suspension>
[        ] [        ] Running 1 shutdown hook
[        ] [   +1 ms] Shutdown hooks complete
[        ]           
 #7      FlutterComma
ndRunner.runCommand (
package:flutter_tools
/src/runner/flutter_c
ommand_runner.dart:42
2:5)
[        ]           
 <asynchronous 
suspension>
[        ]           
 #8      
run.<anonymous 
closure>.<anonymous 
closure> (package:flu
tter_tools/runner.dar
t:104:11)
[        ]           
 <asynchronous 
suspension>
[        ]           
 #9      AppContext.r
un.<anonymous 
closure> (package:flu
tter_tools/src/base/c
ontext.dart:154:19)
[        ]           
 <asynchronous 
suspension>
[        ]           
 #10     main (packag
e:flutter_tools/execu
table.dart:103:3)
[        ]           
 <asynchronous 
suspension>
[ +204 ms] [ +188 ms] exiting with code 1
[ +103 ms] > Task :app:compileFlutterBuildRelease FAILED
[  +97 ms] Build c02ca385-f1a0-470c-90e6-dc72cfcea25f is closed
[        ] [Incubating] Problems report is available at: file:///C:/Users/ASUS/Desktop/SmartHomeAutomationv2.1/mobile_app/build/reports/problems/problems-report.html
[        ] FAILURE: 
Build failed with an 
exception.
[        ] * What 
went wrong:
[        ] Execution 
failed for task ':app
:compileFlutterBuildR
elease'.
[        ] > Process 
'command 'C:\flutter\
bin\flutter.bat'' 
finished with 
non-zero exit value 1
[        ] * Try:
[        ] > Run 
with --debug option 
to get more log 
output.
[        ] > Run 
with --scan to get 
full insights.
[        ] > Get 
more help at https://
help.gradle.org.
[        ] * 
Exception is:
[        ] org.gradle
.api.tasks.TaskExecut
ionException: 
Execution failed for 
task ':app:compileFlu
tterBuildRelease'.
[        ] 	at org.gr
adle.api.internal.tas
ks.execution.ExecuteA
ctionsTaskExecuter.la
mbda$executeIfValid$1
(ExecuteActionsTaskEx
ecuter.java:130)
[        ] 	at org.gr
adle.internal.Try$Fai
lure.ifSuccessfulOrEl
se(Try.java:293)
[        ] 	at org.gr
adle.api.internal.tas
ks.execution.ExecuteA
ctionsTaskExecuter.ex
ecuteIfValid(ExecuteA
ctionsTaskExecuter.ja
va:128)
[        ] 	at org.gr
adle.api.internal.tas
ks.execution.ExecuteA
ctionsTaskExecuter.ex
ecute(ExecuteActionsT
askExecuter.java:116)
[        ] 	at org.gr
adle.api.internal.tas
ks.execution.Problems
TaskPathTrackingTaskE
xecuter.execute(Probl
emsTaskPathTrackingTa
skExecuter.java:41)
[        ] 	at org.gr
adle.api.internal.tas
ks.execution.Finalize
PropertiesTaskExecute
r.execute(FinalizePro
pertiesTaskExecuter.j
ava:46)
[        ] 	at org.gr
adle.api.internal.tas
ks.execution.ResolveT
askExecutionModeExecu
ter.execute(ResolveTa
skExecutionModeExecut
er.java:51)
[        ] 	at org.gr
adle.api.internal.tas
ks.execution.SkipTask
WithNoActionsExecuter
.execute(SkipTaskWith
NoActionsExecuter.jav
a:57)
[        ] 	at org.gr
adle.api.internal.tas
ks.execution.SkipOnly
IfTaskExecuter.execut
e(SkipOnlyIfTaskExecu
ter.java:74)
[        ] 	at org.gr
adle.api.internal.tas
ks.execution.CatchExc
eptionTaskExecuter.ex
ecute(CatchExceptionT
askExecuter.java:36)
[        ] 	at org.gr
adle.api.internal.tas
ks.execution.EventFir
ingTaskExecuter$1.exe
cuteTask(EventFiringT
askExecuter.java:77)
[        ] 	at org.gr
adle.api.internal.tas
ks.execution.EventFir
ingTaskExecuter$1.cal
l(EventFiringTaskExec
uter.java:55)
[        ] 	at org.gr
adle.api.internal.tas
ks.execution.EventFir
ingTaskExecuter$1.cal
l(EventFiringTaskExec
uter.java:52)
[        ] 	at org.gr
adle.internal.operati
ons.DefaultBuildOpera
tionRunner$CallableBu
ildOperationWorker.ex
ecute(DefaultBuildOpe
rationRunner.java:210
)
[        ] 	at org.gr
adle.internal.operati
ons.DefaultBuildOpera
tionRunner$CallableBu
ildOperationWorker.ex
ecute(DefaultBuildOpe
rationRunner.java:205
)
[        ] 	at org.gr
adle.internal.operati
ons.DefaultBuildOpera
tionRunner$2.execute(
DefaultBuildOperation
Runner.java:67)
[        ] 	at org.gr
adle.internal.operati
ons.DefaultBuildOpera
tionRunner$2.execute(
DefaultBuildOperation
Runner.java:60)
[        ] 	at org.gr
adle.internal.operati
ons.DefaultBuildOpera
tionRunner.execute(De
faultBuildOperationRu
nner.java:167)
[        ] 	at org.gr
adle.internal.operati
ons.DefaultBuildOpera
tionRunner.execute(De
faultBuildOperationRu
nner.java:60)
[        ] 	at org.gr
adle.internal.operati
ons.DefaultBuildOpera
tionRunner.call(Defau
ltBuildOperationRunne
r.java:54)
[        ] 	at org.gr
adle.api.internal.tas
ks.execution.EventFir
ingTaskExecuter.execu
te(EventFiringTaskExe
cuter.java:52)
[        ] 	at org.gr
adle.execution.plan.L
ocalTaskNodeExecutor.
execute(LocalTaskNode
Executor.java:42)
[        ] 	at org.gr
adle.execution.taskgr
aph.DefaultTaskExecut
ionGraph$InvokeNodeEx
ecutorsAction.execute
(DefaultTaskExecution
Graph.java:331)
[        ] 	at org.gr
adle.execution.taskgr
aph.DefaultTaskExecut
ionGraph$InvokeNodeEx
ecutorsAction.execute
(DefaultTaskExecution
Graph.java:318)
[        ] 	at org.gr
adle.execution.taskgr
aph.DefaultTaskExecut
ionGraph$BuildOperati
onAwareExecutionActio
n.lambda$execute$0(De
faultTaskExecutionGra
ph.java:314)
[        ] 	at org.gr
adle.internal.operati
ons.CurrentBuildOpera
tionRef.with(CurrentB
uildOperationRef.java
:85)
[        ] 	at org.gr
adle.execution.taskgr
aph.DefaultTaskExecut
ionGraph$BuildOperati
onAwareExecutionActio
n.execute(DefaultTask
ExecutionGraph.java:3
14)
[        ] 	at org.gr
adle.execution.taskgr
aph.DefaultTaskExecut
ionGraph$BuildOperati
onAwareExecutionActio
n.execute(DefaultTask
ExecutionGraph.java:3
03)
[        ] 	at org.gr
adle.execution.plan.D
efaultPlanExecutor$Ex
ecutorWorker.execute(
DefaultPlanExecutor.j
ava:459)
[        ] 	at org.gr
adle.execution.plan.D
efaultPlanExecutor$Ex
ecutorWorker.run(Defa
ultPlanExecutor.java:
376)
[        ] 	at org.gr
adle.internal.concurr
ent.ExecutorPolicy$Ca
tchAndRecordFailures.
onExecute(ExecutorPol
icy.java:64)
[        ] 	at org.gr
adle.internal.concurr
ent.AbstractManagedEx
ecutor$1.run(Abstract
ManagedExecutor.java:
48)
[        ] 	at java.b
ase/java.util.concurr
ent.ThreadPoolExecuto
r.runWorker(Unknown 
Source)
[        ] 	at java.b
ase/java.util.concurr
ent.ThreadPoolExecuto
r$Worker.run(Unknown 
Source)
[        ] 	at java.b
ase/java.lang.Thread.
run(Unknown Source)
[        ] Caused 
by: org.gradle.proces
s.internal.ExecExcept
ion: Process 
'command 'C:\flutter\
bin\flutter.bat'' 
finished with 
non-zero exit value 1
[        ] 	at org.gr
adle.process.internal
.DefaultExecHandle$Ex
ecResultImpl.assertNo
rmalExitValue(Default
ExecHandle.java:442)
[        ] 	at org.gr
adle.process.internal
.DefaultExecAction.ex
ecute(DefaultExecActi
on.java:49)
[        ] 	at org.gr
adle.process.internal
.DefaultExecActionFac
tory.exec(DefaultExec
ActionFactory.java:21
6)
[        ] 	at org.gr
adle.process.internal
.DefaultExecOperation
s.exec(DefaultExecOpe
rations.java:37)
[        ] 	at com.fl
utter.gradle.tasks.Ba
seFlutterTaskHelper.b
uildBundle(BaseFlutte
rTaskHelper.kt:159)
[        ] 	at com.fl
utter.gradle.tasks.Ba
seFlutterTask.buildBu
ndle(BaseFlutterTask.
kt:143)
[        ] 	at com.fl
utter.gradle.tasks.Fl
utterTaskHelper.build
$gradle(FlutterTaskHe
lper.kt:90)
[        ] 	at com.fl
utter.gradle.tasks.Fl
utterTask.build(Flutt
erTask.kt:51)
[        ] 	at java.b
ase/jdk.internal.refl
ect.DirectMethodHandl
eAccessor.invoke(Unkn
own Source)
[        ] 	at java.b
ase/java.lang.reflect
.Method.invoke(Unknow
n Source)
[        ] 	at org.gr
adle.internal.reflect
.JavaMethod.invoke(Ja
vaMethod.java:125)
[        ] 	at org.gr
adle.api.internal.pro
ject.taskfactory.Stan
dardTaskAction.doExec
ute(StandardTaskActio
n.java:58)
[        ] 	at org.gr
adle.api.internal.pro
ject.taskfactory.Stan
dardTaskAction.execut
e(StandardTaskAction.
java:51)
[        ] 	at org.gr
adle.api.internal.pro
ject.taskfactory.Stan
dardTaskAction.execut
e(StandardTaskAction.
java:29)
[        ] 	at org.gr
adle.api.internal.tas
ks.execution.TaskExec
ution$3.run(TaskExecu
tion.java:244)
[        ] 	at org.gr
adle.internal.operati
ons.DefaultBuildOpera
tionRunner$1.execute(
DefaultBuildOperation
Runner.java:30)
[        ] 	at org.gr
adle.internal.operati
ons.DefaultBuildOpera
tionRunner$1.execute(
DefaultBuildOperation
Runner.java:27)
[        ] 	at org.gr
adle.internal.operati
ons.DefaultBuildOpera
tionRunner$2.execute(
DefaultBuildOperation
Runner.java:67)
[        ] 	at org.gr
adle.internal.operati
ons.DefaultBuildOpera
tionRunner$2.execute(
DefaultBuildOperation
Runner.java:60)
[        ] 	at org.gr
adle.internal.operati
ons.DefaultBuildOpera
tionRunner.execute(De
faultBuildOperationRu
nner.java:167)
[        ] 	at org.gr
adle.internal.operati
ons.DefaultBuildOpera
tionRunner.execute(De
faultBuildOperationRu
nner.java:60)
[        ] 	at org.gr
adle.internal.operati
ons.DefaultBuildOpera
tionRunner.run(Defaul
tBuildOperationRunner
.java:48)
[        ] 	at org.gr
adle.api.internal.tas
ks.execution.TaskExec
ution.executeAction(T
askExecution.java:229
)
[        ] 	at org.gr
adle.api.internal.tas
ks.execution.TaskExec
ution.executeActions(
TaskExecution.java:21
2)
[        ] 	at org.gr
adle.api.internal.tas
ks.execution.TaskExec
ution.executeWithPrev
iousOutputFiles(TaskE
xecution.java:195)
[        ] 	at org.gr
adle.api.internal.tas
ks.execution.TaskExec
ution.execute(TaskExe
cution.java:162)
[        ] 	at org.gr
adle.internal.executi
on.steps.ExecuteStep.
executeInternal(Execu
teStep.java:105)
[        ] 	at org.gr
adle.internal.executi
on.steps.ExecuteStep.
access$000(ExecuteSte
p.java:44)
[        ] 	at org.gr
adle.internal.executi
on.steps.ExecuteStep$
1.call(ExecuteStep.ja
va:59)
[        ] 	at org.gr
adle.internal.executi
on.steps.ExecuteStep$
1.call(ExecuteStep.ja
va:56)
[        ] 	at org.gr
adle.internal.operati
ons.DefaultBuildOpera
tionRunner$CallableBu
ildOperationWorker.ex
ecute(DefaultBuildOpe
rationRunner.java:210
)
[        ] 	at org.gr
adle.internal.operati
ons.DefaultBuildOpera
tionRunner$CallableBu
ildOperationWorker.ex
ecute(DefaultBuildOpe
rationRunner.java:205
)
[        ] 	at org.gr
adle.internal.operati
ons.DefaultBuildOpera
tionRunner$2.execute(
DefaultBuildOperation
Runner.java:67)
[        ] 	at org.gr
adle.internal.operati
ons.DefaultBuildOpera
tionRunner$2.execute(
DefaultBuildOperation
Runner.java:60)
[        ] 	at org.gr
adle.internal.operati
ons.DefaultBuildOpera
tionRunner.execute(De
faultBuildOperationRu
nner.java:167)
[        ] 	at org.gr
adle.internal.operati
ons.DefaultBuildOpera
tionRunner.execute(De
faultBuildOperationRu
nner.java:60)
[        ] 	at org.gr
adle.internal.operati
ons.DefaultBuildOpera
tionRunner.call(Defau
ltBuildOperationRunne
r.java:54)
[        ] 	at org.gr
adle.internal.executi
on.steps.ExecuteStep.
execute(ExecuteStep.j
ava:56)
[        ] 	at org.gr
adle.internal.executi
on.steps.ExecuteStep.
execute(ExecuteStep.j
ava:44)
[        ] 	at org.gr
adle.internal.executi
on.steps.CancelExecut
ionStep.execute(Cance
lExecutionStep.java:4
2)
[        ] 	at org.gr
adle.internal.executi
on.steps.TimeoutStep.
executeWithoutTimeout
(TimeoutStep.java:75)
[        ] 	at org.gr
adle.internal.executi
on.steps.TimeoutStep.
execute(TimeoutStep.j
ava:55)
[        ] 	at org.gr
adle.internal.executi
on.steps.PreCreateOut
putParentsStep.execut
e(PreCreateOutputPare
ntsStep.java:50)
[        ] 	at org.gr
adle.internal.executi
on.steps.PreCreateOut
putParentsStep.execut
e(PreCreateOutputPare
ntsStep.java:28)
[        ] 	at org.gr
adle.internal.executi
on.steps.RemovePrevio
usOutputsStep.execute
(RemovePreviousOutput
sStep.java:67)
[        ] 	at org.gr
adle.internal.executi
on.steps.RemovePrevio
usOutputsStep.execute
(RemovePreviousOutput
sStep.java:37)
[        ] 	at org.gr
adle.internal.executi
on.steps.BroadcastCha
ngingOutputsStep.exec
ute(BroadcastChanging
OutputsStep.java:61)
[        ] 	at org.gr
adle.internal.executi
on.steps.BroadcastCha
ngingOutputsStep.exec
ute(BroadcastChanging
OutputsStep.java:26)
[        ] 	at org.gr
adle.internal.executi
on.steps.CaptureOutpu
tsAfterExecutionStep.
execute(CaptureOutput
sAfterExecutionStep.j
ava:69)
[        ] 	at org.gr
adle.internal.executi
on.steps.CaptureOutpu
tsAfterExecutionStep.
execute(CaptureOutput
sAfterExecutionStep.j
ava:46)
[        ] 	at org.gr
adle.internal.executi
on.steps.ResolveInput
ChangesStep.execute(R
esolveInputChangesSte
p.java:40)
[        ] 	at org.gr
adle.internal.executi
on.steps.ResolveInput
ChangesStep.execute(R
esolveInputChangesSte
p.java:29)
[        ] 	at org.gr
adle.internal.executi
on.steps.BuildCacheSt
ep.executeWithoutCach
e(BuildCacheStep.java
:189)
[        ] 	at org.gr
adle.internal.executi
on.steps.BuildCacheSt
ep.lambda$execute$1(B
uildCacheStep.java:75
)
[        ] 	at org.gr
adle.internal.Either$
Right.fold(Either.jav
a:175)
[        ] 	at org.gr
adle.internal.executi
on.caching.CachingSta
te.fold(CachingState.
java:62)
[        ] 	at org.gr
adle.internal.executi
on.steps.BuildCacheSt
ep.execute(BuildCache
Step.java:73)
[        ] 	at org.gr
adle.internal.executi
on.steps.BuildCacheSt
ep.execute(BuildCache
Step.java:48)
[        ] 	at org.gr
adle.internal.executi
on.steps.StoreExecuti
onStateStep.execute(S
toreExecutionStateSte
p.java:46)
[        ] 	at org.gr
adle.internal.executi
on.steps.StoreExecuti
onStateStep.execute(S
toreExecutionStateSte
p.java:35)
[        ] 	at org.gr
adle.internal.executi
on.steps.SkipUpToDate
Step.executeBecause(S
kipUpToDateStep.java:
75)
[        ] 	at org.gr
adle.internal.executi
on.steps.SkipUpToDate
Step.lambda$execute$2
(SkipUpToDateStep.jav
a:53)
[        ] 	at java.b
ase/java.util.Optiona
l.orElseGet(Unknown 
Source)
[        ] 	at org.gr
adle.internal.executi
on.steps.SkipUpToDate
Step.execute(SkipUpTo
DateStep.java:53)
[        ] 	at org.gr
adle.internal.executi
on.steps.SkipUpToDate
Step.execute(SkipUpTo
DateStep.java:35)
[        ] 	at org.gr
adle.internal.executi
on.steps.legacy.MarkS
napshottingInputsFini
shedStep.execute(Mark
SnapshottingInputsFin
ishedStep.java:37)
[        ] 	at org.gr
adle.internal.executi
on.steps.legacy.MarkS
napshottingInputsFini
shedStep.execute(Mark
SnapshottingInputsFin
ishedStep.java:27)
[        ] 	at org.gr
adle.internal.executi
on.steps.ResolveIncre
mentalCachingStateSte
p.executeDelegate(Res
olveIncrementalCachin
gStateStep.java:49)
[        ] 	at org.gr
adle.internal.executi
on.steps.ResolveIncre
mentalCachingStateSte
p.executeDelegate(Res
olveIncrementalCachin
gStateStep.java:27)
[        ] 	at org.gr
adle.internal.executi
on.steps.AbstractReso
lveCachingStateStep.e
xecute(AbstractResolv
eCachingStateStep.jav
a:71)
[        ] 	at org.gr
adle.internal.executi
on.steps.AbstractReso
lveCachingStateStep.e
xecute(AbstractResolv
eCachingStateStep.jav
a:39)
[        ] 	at org.gr
adle.internal.executi
on.steps.ResolveChang
esStep.execute(Resolv
eChangesStep.java:65)
[        ] 	at org.gr
adle.internal.executi
on.steps.ResolveChang
esStep.execute(Resolv
eChangesStep.java:36)
[        ] 	at org.gr
adle.internal.executi
on.steps.ValidateStep
.execute(ValidateStep
.java:107)
[        ] 	at org.gr
adle.internal.executi
on.steps.ValidateStep
.execute(ValidateStep
.java:56)
[        ] 	at org.gr
adle.internal.executi
on.steps.AbstractCapt
ureStateBeforeExecuti
onStep.execute(Abstra
ctCaptureStateBeforeE
xecutionStep.java:64)
[        ] 	at org.gr
adle.internal.executi
on.steps.AbstractCapt
ureStateBeforeExecuti
onStep.execute(Abstra
ctCaptureStateBeforeE
xecutionStep.java:43)
[        ] 	at org.gr
adle.internal.executi
on.steps.AbstractSkip
EmptyWorkStep.execute
WithNonEmptySources(A
bstractSkipEmptyWorkS
tep.java:125)
[        ] 	at org.gr
adle.internal.executi
on.steps.AbstractSkip
EmptyWorkStep.execute
(AbstractSkipEmptyWor
kStep.java:56)
[        ] 	at org.gr
adle.internal.executi
on.steps.AbstractSkip
EmptyWorkStep.execute
(AbstractSkipEmptyWor
kStep.java:36)
[        ] 	at org.gr
adle.internal.executi
on.steps.legacy.MarkS
napshottingInputsStar
tedStep.execute(MarkS
napshottingInputsStar
tedStep.java:38)
[        ] 	at org.gr
adle.internal.executi
on.steps.LoadPrevious
ExecutionStateStep.ex
ecute(LoadPreviousExe
cutionStateStep.java:
36)
[        ] 	at org.gr
adle.internal.executi
on.steps.LoadPrevious
ExecutionStateStep.ex
ecute(LoadPreviousExe
cutionStateStep.java:
23)
[        ] 	at org.gr
adle.internal.executi
on.steps.HandleStaleO
utputsStep.execute(Ha
ndleStaleOutputsStep.
java:75)
[        ] 	at org.gr
adle.internal.executi
on.steps.HandleStaleO
utputsStep.execute(Ha
ndleStaleOutputsStep.
java:41)
[        ] 	at org.gr
adle.internal.executi
on.steps.AssignMutabl
eWorkspaceStep.lambda
$execute$0(AssignMuta
bleWorkspaceStep.java
:35)
[        ] 	at org.gr
adle.api.internal.tas
ks.execution.TaskExec
ution$4.withWorkspace
(TaskExecution.java:2
89)
[        ] 	at org.gr
adle.internal.executi
on.steps.AssignMutabl
eWorkspaceStep.execut
e(AssignMutableWorksp
aceStep.java:31)
[        ] 	at org.gr
adle.internal.executi
on.steps.AssignMutabl
eWorkspaceStep.execut
e(AssignMutableWorksp
aceStep.java:22)
[        ] 	at org.gr
adle.internal.executi
on.steps.ChoosePipeli
neStep.execute(Choose
PipelineStep.java:40)
[        ] 	at org.gr
adle.internal.executi
on.steps.ChoosePipeli
neStep.execute(Choose
PipelineStep.java:23)
[        ] 	at org.gr
adle.internal.executi
on.steps.ExecuteWorkB
uildOperationFiringSt
ep.lambda$execute$2(E
xecuteWorkBuildOperat
ionFiringStep.java:67
)
[        ] 	at java.b
ase/java.util.Optiona
l.orElseGet(Unknown 
Source)
[        ] 	at org.gr
adle.internal.executi
on.steps.ExecuteWorkB
uildOperationFiringSt
ep.execute(ExecuteWor
kBuildOperationFiring
Step.java:67)
[        ] 	at org.gr
adle.internal.executi
on.steps.ExecuteWorkB
uildOperationFiringSt
ep.execute(ExecuteWor
kBuildOperationFiring
Step.java:39)
[        ] 	at org.gr
adle.internal.executi
on.steps.IdentityCach
eStep.execute(Identit
yCacheStep.java:46)
[        ] 	at org.gr
adle.internal.executi
on.steps.IdentityCach
eStep.execute(Identit
yCacheStep.java:34)
[        ] 	at org.gr
adle.internal.executi
on.steps.IdentifyStep
.execute(IdentifyStep
.java:48)
[        ] 	at org.gr
adle.internal.executi
on.steps.IdentifyStep
.execute(IdentifyStep
.java:35)
[        ] 	at org.gr
adle.internal.executi
on.impl.DefaultExecut
ionEngine$1.execute(D
efaultExecutionEngine
.java:64)
[        ] 	at org.gr
adle.api.internal.tas
ks.execution.ExecuteA
ctionsTaskExecuter.ex
ecuteIfValid(ExecuteA
ctionsTaskExecuter.ja
va:127)
[        ] 	at org.gr
adle.api.internal.tas
ks.execution.ExecuteA
ctionsTaskExecuter.ex
ecute(ExecuteActionsT
askExecuter.java:116)
[        ] 	at org.gr
adle.api.internal.tas
ks.execution.Problems
TaskPathTrackingTaskE
xecuter.execute(Probl
emsTaskPathTrackingTa
skExecuter.java:41)
[        ] 	at org.gr
adle.api.internal.tas
ks.execution.Finalize
PropertiesTaskExecute
r.execute(FinalizePro
pertiesTaskExecuter.j
ava:46)
[        ] 	at org.gr
adle.api.internal.tas
ks.execution.ResolveT
askExecutionModeExecu
ter.execute(ResolveTa
skExecutionModeExecut
er.java:51)
[        ] 	at org.gr
adle.api.internal.tas
ks.execution.SkipTask
WithNoActionsExecuter
.execute(SkipTaskWith
NoActionsExecuter.jav
a:57)
[        ] 	at org.gr
adle.api.internal.tas
ks.execution.SkipOnly
IfTaskExecuter.execut
e(SkipOnlyIfTaskExecu
ter.java:74)
[        ] 	at org.gr
adle.api.internal.tas
ks.execution.CatchExc
eptionTaskExecuter.ex
ecute(CatchExceptionT
askExecuter.java:36)
[        ] 	at org.gr
adle.api.internal.tas
ks.execution.EventFir
ingTaskExecuter$1.exe
cuteTask(EventFiringT
askExecuter.java:77)
[        ] 	at org.gr
adle.api.internal.tas
ks.execution.EventFir
ingTaskExecuter$1.cal
l(EventFiringTaskExec
uter.java:55)
[        ] 	at org.gr
adle.api.internal.tas
ks.execution.EventFir
ingTaskExecuter$1.cal
l(EventFiringTaskExec
uter.java:52)
[        ] 	at org.gr
adle.internal.operati
ons.DefaultBuildOpera
tionRunner$CallableBu
ildOperationWorker.ex
ecute(DefaultBuildOpe
rationRunner.java:210
)
[        ] 	at org.gr
adle.internal.operati
ons.DefaultBuildOpera
tionRunner$CallableBu
ildOperationWorker.ex
ecute(DefaultBuildOpe
rationRunner.java:205
)
[        ] 	at org.gr
adle.internal.operati
ons.DefaultBuildOpera
tionRunner$2.execute(
DefaultBuildOperation
Runner.java:67)
[        ] 	at org.gr
adle.internal.operati
ons.DefaultBuildOpera
tionRunner$2.execute(
DefaultBuildOperation
Runner.java:60)
[        ] 	at org.gr
adle.internal.operati
ons.DefaultBuildOpera
tionRunner.execute(De
faultBuildOperationRu
nner.java:167)
[        ] 	at org.gr
adle.internal.operati
ons.DefaultBuildOpera
tionRunner.execute(De
faultBuildOperationRu
nner.java:60)
[        ] 	at org.gr
adle.internal.operati
ons.DefaultBuildOpera
tionRunner.call(Defau
ltBuildOperationRunne
r.java:54)
[        ] 	at org.gr
adle.api.internal.tas
ks.execution.EventFir
ingTaskExecuter.execu
te(EventFiringTaskExe
cuter.java:52)
[        ] 	at org.gr
adle.execution.plan.L
ocalTaskNodeExecutor.
execute(LocalTaskNode
Executor.java:42)
[        ] 	at org.gr
adle.execution.taskgr
aph.DefaultTaskExecut
ionGraph$InvokeNodeEx
ecutorsAction.execute
(DefaultTaskExecution
Graph.java:331)
[        ] 	at org.gr
adle.execution.taskgr
aph.DefaultTaskExecut
ionGraph$InvokeNodeEx
ecutorsAction.execute
(DefaultTaskExecution
Graph.java:318)
[        ] 	at org.gr
adle.execution.taskgr
aph.DefaultTaskExecut
ionGraph$BuildOperati
onAwareExecutionActio
n.lambda$execute$0(De
faultTaskExecutionGra
ph.java:314)
[        ] 	at org.gr
adle.internal.operati
ons.CurrentBuildOpera
tionRef.with(CurrentB
uildOperationRef.java
:85)
[        ] 	at org.gr
adle.execution.taskgr
aph.DefaultTaskExecut
ionGraph$BuildOperati
onAwareExecutionActio
n.execute(DefaultTask
ExecutionGraph.java:3
14)
[        ] 	at org.gr
adle.execution.taskgr
aph.DefaultTaskExecut
ionGraph$BuildOperati
onAwareExecutionActio
n.execute(DefaultTask
ExecutionGraph.java:3
03)
[        ] 	at org.gr
adle.execution.plan.D
efaultPlanExecutor$Ex
ecutorWorker.execute(
DefaultPlanExecutor.j
ava:459)
[        ] 	at org.gr
adle.execution.plan.D
efaultPlanExecutor$Ex
ecutorWorker.run(Defa
ultPlanExecutor.java:
376)
[        ] 	at org.gr
adle.internal.concurr
ent.ExecutorPolicy$Ca
tchAndRecordFailures.
onExecute(ExecutorPol
icy.java:64)
[        ] 	at org.gr
adle.internal.concurr
ent.AbstractManagedEx
ecutor$1.run(Abstract
ManagedExecutor.java:
48)
[        ] 	at java.b
ase/java.util.concurr
ent.ThreadPoolExecuto
r.runWorker(Unknown 
Source)
[        ] 	at java.b
ase/java.util.concurr
ent.ThreadPoolExecuto
r$Worker.run(Unknown 
Source)
[        ] 	at java.b
ase/java.lang.Thread.
run(Unknown Source)
[        ] BUILD 
FAILED in 9s
[        ] Deprecated Gradle features were used in this build, making it incompatible with Gradle 9.0.
[        ] You can use '--warning-mode all' to show the individual deprecation warnings and determine if they come from your own scripts or plugins.
[        ] For more on this, please refer to https://docs.gradle.org/8.14/userguide/command_line_interface.html#sec:command_line_warnings in the Gradle documentation.
[        ] 6 actionable tasks: 2 executed, 4 up-to-date
[        ] Watched directory hierarchies: [C:\flutter\packages\flutter_tools\gradle, C:\Users\ASUS\Desktop\SmartHomeAutomationv2.1\mobile_app\android]
[  +61 ms] Running Gradle task 'assembleRelease'... (completed in 9.5s)
[  +39 ms] "flutter apk" took 10,348ms.
[  +69 ms] Gradle 
task assembleRelease 
failed with exit 
code 1
[        ] 
           #0      
throwToolExit (packag
e:flutter_tools/src/b
ase/common.dart:34:3)
           #1      An
droidGradleBuilder.bu
ildGradleApp (package
:flutter_tools/src/an
droid/gradle.dart:592
:7)
           
<asynchronous 
suspension>
           #2      An
droidGradleBuilder.bu
ildApk (package:flutt
er_tools/src/android/
gradle.dart:234:5)
           
<asynchronous 
suspension>
           #3      Bu
ildApkCommand.runComm
and (package:flutter_
tools/src/commands/bu
ild_apk.dart:131:5)
           
<asynchronous 
suspension>
           #4      Fl
utterCommand.run.<ano
nymous closure> (pack
age:flutter_tools/src
/runner/flutter_comma
nd.dart:1559:27)
           
<asynchronous 
suspension>
           #5      Ap
pContext.run.<anonymo
us closure> (package:
flutter_tools/src/bas
e/context.dart:154:19
)
           
<asynchronous 
suspension>
           #6      Co
mmandRunner.runComman
d (package:args/comma
nd_runner.dart:212:13
)
           
<asynchronous 
suspension>
           #7      Fl
utterCommandRunner.ru
nCommand.<anonymous 
closure> (package:flu
tter_tools/src/runner
/flutter_command_runn
er.dart:487:9)
           
<asynchronous 
suspension>
           #8      Ap
pContext.run.<anonymo
us closure> (package:
flutter_tools/src/bas
e/context.dart:154:19
)
           
<asynchronous 
suspension>
           #9      Fl
utterCommandRunner.ru
nCommand (package:flu
tter_tools/src/runner
/flutter_command_runn
er.dart:422:5)
           
<asynchronous 
suspension>
           #10     
run.<anonymous 
closure>.<anonymous 
closure> (package:flu
tter_tools/runner.dar
t:104:11)
           
<asynchronous 
suspension>
           #11     Ap
pContext.run.<anonymo
us closure> (package:
flutter_tools/src/bas
e/context.dart:154:19
)
           
<asynchronous 
suspension>
           #12     
main (package:flutter
_tools/executable.dar
t:103:3)
           
<asynchronous 
suspension>


[        ] Running 1 shutdown hook
[   +2 ms] Shutdown hooks complete
[ +100 ms] exiting with code 1
